[    22.534] 
X.Org X Server 1.21.1.8
X Protocol Version 11, Revision 0
[    22.534] Current Operating System: Linux ra-juan-diego 6.4.10-arch1-1 #1 SMP PREEMPT_DYNAMIC Fri, 11 Aug 2023 11:03:36 +0000 x86_64
[    22.534] Kernel command line: BOOT_IMAGE=/boot/vmlinuz-linux root=UUID=cc8c95c4-1838-498f-9a59-a8561c047099 rw loglevel=3 quiet
[    22.534]  
[    22.535] Current version of pixman: 0.42.2
[    22.535] 	Before reporting problems, check http://wiki.x.org
	to make sure that you have the latest version.
[    22.535] Markers: (--) probed, (**) from config file, (==) default setting,
	(++) from command line, (!!) notice, (II) informational,
	(WW) warning, (EE) error, (NI) not implemented, (??) unknown.
[    22.535] (==) Log file: "/home/ra/.local/share/xorg/Xorg.0.log", Time: Mon Aug 14 19:13:27 2023
[    22.536] (==) Using system config directory "/usr/share/X11/xorg.conf.d"
[    22.537] (==) No Layout section.  Using the first Screen section.
[    22.537] (==) No screen section available. Using defaults.
[    22.537] (**) |-->Screen "Default Screen Section" (0)
[    22.537] (**) |   |-->Monitor "<default monitor>"
[    22.537] (==) No monitor specified for screen "Default Screen Section".
	Using a default monitor configuration.
[    22.537] (==) Automatically adding devices
[    22.537] (==) Automatically enabling devices
[    22.537] (==) Automatically adding GPU devices
[    22.537] (==) Automatically binding GPU devices
[    22.537] (==) Max clients allowed: 256, resource mask: 0x1fffff
[    22.537] (WW) The directory "/usr/share/fonts/misc" does not exist.
[    22.537] 	Entry deleted from font path.
[    22.537] (WW) The directory "/usr/share/fonts/TTF" does not exist.
[    22.537] 	Entry deleted from font path.
[    22.537] (WW) The directory "/usr/share/fonts/OTF" does not exist.
[    22.537] 	Entry deleted from font path.
[    22.537] (WW) The directory "/usr/share/fonts/Type1" does not exist.
[    22.537] 	Entry deleted from font path.
[    22.537] (WW) The directory "/usr/share/fonts/100dpi" does not exist.
[    22.537] 	Entry deleted from font path.
[    22.537] (WW) The directory "/usr/share/fonts/75dpi" does not exist.
[    22.537] 	Entry deleted from font path.
[    22.537] (==) FontPath set to:
	
[    22.537] (==) ModulePath set to "/usr/lib/xorg/modules"
[    22.537] (II) The server relies on udev to provide the list of input devices.
	If no devices become available, reconfigure udev or disable AutoAddDevices.
[    22.537] (II) Module ABI versions:
[    22.537] 	X.Org ANSI C Emulation: 0.4
[    22.538] 	X.Org Video Driver: 25.2
[    22.538] 	X.Org XInput driver : 24.4
[    22.538] 	X.Org Server Extension : 10.0
[    22.538] (++) using VT number 1

[    22.540] (II) systemd-logind: took control of session /org/freedesktop/login1/session/_31
[    22.542] (II) xfree86: Adding drm device (/dev/dri/card1)
[    22.542] (II) Platform probe for /sys/devices/pci0000:00/0000:00:02.0/drm/card1
[    22.542] (II) systemd-logind: got fd for /dev/dri/card1 226:1 fd 13 paused 0
[    22.547] (--) PCI:*(0@0:2:0) 8086:5917:17aa:225c rev 7, Mem @ 0x2ffa000000/16777216, 0xb0000000/268435456, I/O @ 0x0000e000/64, BIOS @ 0x????????/131072
[    22.547] (WW) Open ACPI failed (/var/run/acpid.socket) (No such file or directory)
[    22.547] (II) LoadModule: "glx"
[    22.547] (II) Loading /usr/lib/xorg/modules/extensions/libglx.so
[    22.552] (II) Module glx: vendor="X.Org Foundation"
[    22.552] 	compiled for 1.21.1.8, module version = 1.0.0
[    22.552] 	ABI class: X.Org Server Extension, version 10.0
[    22.552] (==) Matched intel as autoconfigured driver 0
[    22.552] (==) Matched modesetting as autoconfigured driver 1
[    22.552] (==) Matched fbdev as autoconfigured driver 2
[    22.552] (==) Matched vesa as autoconfigured driver 3
[    22.552] (==) Assigned the driver to the xf86ConfigLayout
[    22.552] (II) LoadModule: "intel"
[    22.552] (WW) Warning, couldn't open module intel
[    22.552] (EE) Failed to load module "intel" (module does not exist, 0)
[    22.552] (II) LoadModule: "modesetting"
[    22.552] (II) Loading /usr/lib/xorg/modules/drivers/modesetting_drv.so
[    22.554] (II) Module modesetting: vendor="X.Org Foundation"
[    22.554] 	compiled for 1.21.1.8, module version = 1.21.1
[    22.554] 	Module class: X.Org Video Driver
[    22.554] 	ABI class: X.Org Video Driver, version 25.2
[    22.554] (II) LoadModule: "fbdev"
[    22.555] (WW) Warning, couldn't open module fbdev
[    22.555] (EE) Failed to load module "fbdev" (module does not exist, 0)
[    22.555] (II) LoadModule: "vesa"
[    22.555] (WW) Warning, couldn't open module vesa
[    22.555] (EE) Failed to load module "vesa" (module does not exist, 0)
[    22.555] (II) modesetting: Driver for Modesetting Kernel Drivers: kms
[    22.555] (II) modeset(0): using drv /dev/dri/card1
[    22.555] (WW) VGA arbiter: cannot open kernel arbiter, no multi-card support
[    22.555] (II) modeset(0): Creating default Display subsection in Screen section
	"Default Screen Section" for depth/fbbpp 24/32
[    22.555] (==) modeset(0): Depth 24, (==) framebuffer bpp 32
[    22.555] (==) modeset(0): RGB weight 888
[    22.555] (==) modeset(0): Default visual is TrueColor
[    22.555] (II) Loading sub module "glamoregl"
[    22.555] (II) LoadModule: "glamoregl"
[    22.555] (II) Loading /usr/lib/xorg/modules/libglamoregl.so
[    22.561] (II) Module glamoregl: vendor="X.Org Foundation"
[    22.561] 	compiled for 1.21.1.8, module version = 1.0.1
[    22.561] 	ABI class: X.Org ANSI C Emulation, version 0.4
[    22.709] (II) modeset(0): glamor X acceleration enabled on Mesa Intel(R) UHD Graphics 620 (KBL GT2)
[    22.709] (II) modeset(0): glamor initialized
[    22.709] (==) modeset(0): VariableRefresh: disabled
[    22.709] (==) modeset(0): AsyncFlipSecondaries: disabled
[    22.711] (II) modeset(0): Output eDP-1 has no monitor section
[    22.723] (II) modeset(0): Output DP-1 has no monitor section
[    22.729] (II) modeset(0): Output HDMI-1 has no monitor section
[    22.729] (II) modeset(0): Output DP-2 has no monitor section
[    22.785] (II) modeset(0): Output HDMI-2 has no monitor section
[    22.786] (II) modeset(0): Output DP-1-1 has no monitor section
[    22.786] (II) modeset(0): Output DP-1-2 has no monitor section
[    22.836] (II) modeset(0): Output DP-1-3 has no monitor section
[    22.841] (II) modeset(0): EDID for output eDP-1
[    22.841] (II) modeset(0): Manufacturer: AUO  Model: 2336  Serial#: 0
[    22.841] (II) modeset(0): Year: 2017  Week: 0
[    22.841] (II) modeset(0): EDID Version: 1.4
[    22.841] (II) modeset(0): Digital Display Input
[    22.841] (II) modeset(0): 8 bits per channel
[    22.841] (II) modeset(0): Digital interface is DisplayPort
[    22.841] (II) modeset(0): Max Image Size [cm]: horiz.: 31  vert.: 17
[    22.841] (II) modeset(0): Gamma: 2.20
[    22.841] (II) modeset(0): No DPMS capabilities specified
[    22.841] (II) modeset(0): Supported color encodings: RGB 4:4:4 
[    22.841] (II) modeset(0): First detailed timing is preferred mode
[    22.841] (II) modeset(0): Preferred mode is native pixel format and refresh rate
[    22.841] (II) modeset(0): redX: 0.644 redY: 0.331   greenX: 0.302 greenY: 0.609
[    22.841] (II) modeset(0): blueX: 0.155 blueY: 0.062   whiteX: 0.313 whiteY: 0.329
[    22.841] (II) modeset(0): Manufacturer's mask: 0
[    22.841] (II) modeset(0): Supported detailed timing:
[    22.841] (II) modeset(0): clock: 245.5 MHz   Image Size:  309 x 174 mm
[    22.841] (II) modeset(0): h_active: 2560  h_sync: 2608  h_sync_end 2640 h_blank_end 2720 h_border: 0
[    22.841] (II) modeset(0): v_active: 1440  v_sync: 1443  v_sync_end 1448 v_blanking: 1504 v_border: 0
[    22.841] (II) modeset(0): Unknown vendor-specific block f
[    22.841] (II) modeset(0):  AUO
[    22.841] (II) modeset(0):  B140QAN02.3
[    22.841] (II) modeset(0): EDID (in hex):
[    22.841] (II) modeset(0): 	00ffffffffffff0006af362300000000
[    22.841] (II) modeset(0): 	001b0104a51f117802f4f5a4544d9c27
[    22.841] (II) modeset(0): 	0f505400000001010101010101010101
[    22.841] (II) modeset(0): 	010101010101e65f00a0a0a040503020
[    22.841] (II) modeset(0): 	350035ae100000180000000f00000000
[    22.842] (II) modeset(0): 	00000000000000000020000000fe0041
[    22.842] (II) modeset(0): 	554f0a202020202020202020000000fe
[    22.842] (II) modeset(0): 	004231343051414e30322e33200a00b2
[    22.842] (II) modeset(0): Printing probed modes for output eDP-1
[    22.842] (II) modeset(0): Modeline "2560x1440"x60.0  245.50  2560 2608 2640 2720  1440 1443 1448 1504 -hsync -vsync (90.3 kHz eP)
[    22.842] (II) modeset(0): Modeline "2560x1440"x120.0  638.25  2560 2780 3064 3568  1440 1441 1444 1491 doublescan -hsync +vsync (178.9 kHz d)
[    22.842] (II) modeset(0): Modeline "2560x1440"x120.0  469.12  2560 2584 2600 2640  1440 1441 1444 1481 doublescan +hsync -vsync (177.7 kHz d)
[    22.842] (II) modeset(0): Modeline "2560x1440"x60.0  312.25  2560 2752 3024 3488  1440 1443 1448 1493 -hsync +vsync (89.5 kHz d)
[    22.843] (II) modeset(0): Modeline "2560x1440"x60.0  241.50  2560 2608 2640 2720  1440 1443 1448 1481 +hsync -vsync (88.8 kHz d)
[    22.843] (II) modeset(0): Modeline "1920x1440"x60.0  234.00  1920 2048 2256 2600  1440 1441 1444 1500 -hsync +vsync (90.0 kHz d)
[    22.843] (II) modeset(0): Modeline "1856x1392"x60.0  218.30  1856 1952 2176 2528  1392 1393 1396 1439 -hsync +vsync (86.4 kHz d)
[    22.843] (II) modeset(0): Modeline "1792x1344"x60.0  204.80  1792 1920 2120 2448  1344 1345 1348 1394 -hsync +vsync (83.7 kHz d)
[    22.843] (II) modeset(0): Modeline "2048x1152"x120.0  406.50  2048 2220 2444 2840  1152 1153 1156 1193 doublescan -hsync +vsync (143.1 kHz d)
[    22.843] (II) modeset(0): Modeline "2048x1152"x120.0  302.50  2048 2072 2088 2128  1152 1153 1156 1185 doublescan +hsync -vsync (142.2 kHz d)
[    22.843] (II) modeset(0): Modeline "2048x1152"x59.9  197.00  2048 2184 2400 2752  1152 1155 1160 1195 -hsync +vsync (71.6 kHz d)
[    22.843] (II) modeset(0): Modeline "2048x1152"x59.9  156.75  2048 2096 2128 2208  1152 1155 1160 1185 +hsync -vsync (71.0 kHz d)
[    22.843] (II) modeset(0): Modeline "1920x1200"x59.9  193.25  1920 2056 2256 2592  1200 1203 1209 1245 -hsync +vsync (74.6 kHz d)
[    22.843] (II) modeset(0): Modeline "1920x1200"x60.0  154.00  1920 1968 2000 2080  1200 1203 1209 1235 +hsync -vsync (74.0 kHz d)
[    22.843] (II) modeset(0): Modeline "1920x1080"x120.0  356.38  1920 2080 2288 2656  1080 1081 1084 1118 doublescan -hsync +vsync (134.2 kHz d)
[    22.843] (II) modeset(0): Modeline "1920x1080"x119.9  266.50  1920 1944 1960 2000  1080 1081 1084 1111 doublescan +hsync -vsync (133.2 kHz d)
[    22.843] (II) modeset(0): Modeline "1920x1080"x60.0  173.00  1920 2048 2248 2576  1080 1083 1088 1120 -hsync +vsync (67.2 kHz d)
[    22.843] (II) modeset(0): Modeline "1920x1080"x59.9  138.50  1920 1968 2000 2080  1080 1083 1088 1111 +hsync -vsync (66.6 kHz d)
[    22.843] (II) modeset(0): Modeline "1600x1200"x60.0  162.00  1600 1664 1856 2160  1200 1201 1204 1250 +hsync +vsync (75.0 kHz d)
[    22.843] (II) modeset(0): Modeline "1680x1050"x60.0  146.25  1680 1784 1960 2240  1050 1053 1059 1089 -hsync +vsync (65.3 kHz d)
[    22.843] (II) modeset(0): Modeline "1680x1050"x59.9  119.00  1680 1728 1760 1840  1050 1053 1059 1080 +hsync -vsync (64.7 kHz d)
[    22.843] (II) modeset(0): Modeline "1400x1050"x60.0  122.00  1400 1488 1640 1880  1050 1052 1064 1082 +hsync +vsync (64.9 kHz d)
[    22.843] (II) modeset(0): Modeline "1600x900"x120.0  246.00  1600 1728 1900 2200  900 901 904 932 doublescan -hsync +vsync (111.8 kHz d)
[    22.843] (II) modeset(0): Modeline "1600x900"x119.9  186.50  1600 1624 1640 1680  900 901 904 926 doublescan +hsync -vsync (111.0 kHz d)
[    22.843] (II) modeset(0): Modeline "1600x900"x59.9  118.25  1600 1696 1856 2112  900 903 908 934 -hsync +vsync (56.0 kHz d)
[    22.843] (II) modeset(0): Modeline "1600x900"x59.8   97.50  1600 1648 1680 1760  900 903 908 926 +hsync -vsync (55.4 kHz d)
[    22.843] (II) modeset(0): Modeline "1280x1024"x60.0  108.00  1280 1328 1440 1688  1024 1025 1028 1066 +hsync +vsync (64.0 kHz d)
[    22.843] (II) modeset(0): Modeline "1400x900"x60.0  103.50  1400 1480 1624 1848  900 903 913 934 -hsync +vsync (56.0 kHz d)
[    22.843] (II) modeset(0): Modeline "1400x900"x59.9   86.50  1400 1448 1480 1560  900 903 913 926 +hsync -vsync (55.4 kHz d)
[    22.843] (II) modeset(0): Modeline "1280x960"x60.0  108.00  1280 1376 1488 1800  960 961 964 1000 +hsync +vsync (60.0 kHz d)
[    22.843] (II) modeset(0): Modeline "1440x810"x120.0  198.12  1440 1548 1704 1968  810 811 814 839 doublescan -hsync +vsync (100.7 kHz d)
[    22.843] (II) modeset(0): Modeline "1440x810"x119.9  151.88  1440 1464 1480 1520  810 811 814 833 doublescan +hsync -vsync (99.9 kHz d)
[    22.843] (II) modeset(0): Modeline "1368x768"x59.9   85.25  1368 1440 1576 1784  768 771 781 798 -hsync +vsync (47.8 kHz d)
[    22.843] (II) modeset(0): Modeline "1368x768"x59.9   72.25  1368 1416 1448 1528  768 771 781 790 +hsync -vsync (47.3 kHz d)
[    22.843] (II) modeset(0): Modeline "1280x800"x120.0  174.25  1280 1380 1516 1752  800 801 804 829 doublescan -hsync +vsync (99.5 kHz d)
[    22.843] (II) modeset(0): Modeline "1280x800"x119.9  134.25  1280 1304 1320 1360  800 801 804 823 doublescan +hsync -vsync (98.7 kHz d)
[    22.843] (II) modeset(0): Modeline "1280x800"x59.8   83.50  1280 1352 1480 1680  800 803 809 831 -hsync +vsync (49.7 kHz d)
[    22.843] (II) modeset(0): Modeline "1280x800"x59.9   71.00  1280 1328 1360 1440  800 803 809 823 +hsync -vsync (49.3 kHz d)
[    22.843] (II) modeset(0): Modeline "1280x720"x120.0  156.12  1280 1376 1512 1744  720 721 724 746 doublescan -hsync +vsync (89.5 kHz d)
[    22.843] (II) modeset(0): Modeline "1280x720"x120.0  120.75  1280 1304 1320 1360  720 721 724 740 doublescan +hsync -vsync (88.8 kHz d)
[    22.843] (II) modeset(0): Modeline "1280x720"x59.9   74.50  1280 1344 1472 1664  720 723 728 748 -hsync +vsync (44.8 kHz d)
[    22.843] (II) modeset(0): Modeline "1280x720"x59.7   63.75  1280 1328 1360 1440  720 723 728 741 +hsync -vsync (44.3 kHz d)
[    22.844] (II) modeset(0): Modeline "1024x768"x120.1  133.47  1024 1100 1212 1400  768 768 770 794 doublescan -hsync +vsync (95.3 kHz d)
[    22.844] (II) modeset(0): Modeline "1024x768"x60.0   65.00  1024 1048 1184 1344  768 771 777 806 -hsync -vsync (48.4 kHz d)
[    22.844] (II) modeset(0): Modeline "960x720"x120.0  117.00  960 1024 1128 1300  720 720 722 750 doublescan -hsync +vsync (90.0 kHz d)
[    22.844] (II) modeset(0): Modeline "928x696"x120.1  109.15  928 976 1088 1264  696 696 698 719 doublescan -hsync +vsync (86.4 kHz d)
[    22.844] (II) modeset(0): Modeline "896x672"x120.0  102.40  896 960 1060 1224  672 672 674 697 doublescan -hsync +vsync (83.7 kHz d)
[    22.844] (II) modeset(0): Modeline "1024x576"x119.9   98.50  1024 1092 1200 1376  576 577 580 597 doublescan -hsync +vsync (71.6 kHz d)
[    22.844] (II) modeset(0): Modeline "1024x576"x119.9   78.38  1024 1048 1064 1104  576 577 580 592 doublescan +hsync -vsync (71.0 kHz d)
[    22.844] (II) modeset(0): Modeline "1024x576"x59.9   46.50  1024 1064 1160 1296  576 579 584 599 -hsync +vsync (35.9 kHz d)
[    22.844] (II) modeset(0): Modeline "1024x576"x59.8   42.00  1024 1072 1104 1184  576 579 584 593 +hsync -vsync (35.5 kHz d)
[    22.844] (II) modeset(0): Modeline "960x600"x119.9   96.62  960 1028 1128 1296  600 601 604 622 doublescan -hsync +vsync (74.6 kHz d)
[    22.844] (II) modeset(0): Modeline "960x600"x120.0   77.00  960 984 1000 1040  600 601 604 617 doublescan +hsync -vsync (74.0 kHz d)
[    22.844] (II) modeset(0): Modeline "960x540"x119.9   86.50  960 1024 1124 1288  540 541 544 560 doublescan -hsync +vsync (67.2 kHz d)
[    22.844] (II) modeset(0): Modeline "960x540"x120.0   69.25  960 984 1000 1040  540 541 544 555 doublescan +hsync -vsync (66.6 kHz d)
[    22.844] (II) modeset(0): Modeline "960x540"x59.6   40.75  960 992 1088 1216  540 543 548 562 -hsync +vsync (33.5 kHz d)
[    22.844] (II) modeset(0): Modeline "960x540"x59.8   37.25  960 1008 1040 1120  540 543 548 556 +hsync -vsync (33.3 kHz d)
[    22.844] (II) modeset(0): Modeline "800x600"x120.0   81.00  800 832 928 1080  600 600 602 625 doublescan +hsync +vsync (75.0 kHz d)
[    22.844] (II) modeset(0): Modeline "800x600"x60.3   40.00  800 840 968 1056  600 601 605 628 +hsync +vsync (37.9 kHz d)
[    22.844] (II) modeset(0): Modeline "800x600"x56.2   36.00  800 824 896 1024  600 601 603 625 +hsync +vsync (35.2 kHz d)
[    22.844] (II) modeset(0): Modeline "840x525"x120.0   73.12  840 892 980 1120  525 526 529 544 doublescan -hsync +vsync (65.3 kHz d)
[    22.844] (II) modeset(0): Modeline "840x525"x119.8   59.50  840 864 880 920  525 526 529 540 doublescan +hsync -vsync (64.7 kHz d)
[    22.844] (II) modeset(0): Modeline "864x486"x59.9   32.50  864 888 968 1072  486 489 494 506 -hsync +vsync (30.3 kHz d)
[    22.844] (II) modeset(0): Modeline "864x486"x59.6   30.50  864 912 944 1024  486 489 494 500 +hsync -vsync (29.8 kHz d)
[    22.844] (II) modeset(0): Modeline "700x525"x120.0   61.00  700 744 820 940  525 526 532 541 doublescan +hsync +vsync (64.9 kHz d)
[    22.844] (II) modeset(0): Modeline "800x450"x119.9   59.12  800 848 928 1056  450 451 454 467 doublescan -hsync +vsync (56.0 kHz d)
[    22.844] (II) modeset(0): Modeline "800x450"x119.6   48.75  800 824 840 880  450 451 454 463 doublescan +hsync -vsync (55.4 kHz d)
[    22.844] (II) modeset(0): Modeline "640x512"x120.0   54.00  640 664 720 844  512 512 514 533 doublescan +hsync +vsync (64.0 kHz d)
[    22.844] (II) modeset(0): Modeline "700x450"x119.9   51.75  700 740 812 924  450 451 456 467 doublescan -hsync +vsync (56.0 kHz d)
[    22.844] (II) modeset(0): Modeline "700x450"x119.8   43.25  700 724 740 780  450 451 456 463 doublescan +hsync -vsync (55.4 kHz d)
[    22.844] (II) modeset(0): Modeline "640x480"x120.0   54.00  640 688 744 900  480 480 482 500 doublescan +hsync +vsync (60.0 kHz d)
[    22.844] (II) modeset(0): Modeline "640x480"x59.9   25.18  640 656 752 800  480 490 492 525 -hsync -vsync (31.5 kHz d)
[    22.844] (II) modeset(0): Modeline "720x405"x59.5   22.50  720 744 808 896  405 408 413 422 -hsync +vsync (25.1 kHz d)
[    22.844] (II) modeset(0): Modeline "720x405"x59.0   21.75  720 768 800 880  405 408 413 419 +hsync -vsync (24.7 kHz d)
[    22.844] (II) modeset(0): Modeline "684x384"x119.8   42.62  684 720 788 892  384 385 390 399 doublescan -hsync +vsync (47.8 kHz d)
[    22.844] (II) modeset(0): Modeline "684x384"x119.7   36.12  684 708 724 764  384 385 390 395 doublescan +hsync -vsync (47.3 kHz d)
[    22.844] (II) modeset(0): Modeline "640x400"x119.8   41.75  640 676 740 840  400 401 404 415 doublescan -hsync +vsync (49.7 kHz d)
[    22.844] (II) modeset(0): Modeline "640x400"x120.0   35.50  640 664 680 720  400 401 404 411 doublescan +hsync -vsync (49.3 kHz d)
[    22.844] (II) modeset(0): Modeline "640x360"x119.7   37.25  640 672 736 832  360 361 364 374 doublescan -hsync +vsync (44.8 kHz d)
[    22.844] (II) modeset(0): Modeline "640x360"x119.7   31.88  640 664 680 720  360 361 364 370 doublescan +hsync -vsync (44.3 kHz d)
[    22.844] (II) modeset(0): Modeline "640x360"x59.8   18.00  640 664 720 800  360 363 368 376 -hsync +vsync (22.5 kHz d)
[    22.844] (II) modeset(0): Modeline "640x360"x59.3   17.75  640 688 720 800  360 363 368 374 +hsync -vsync (22.2 kHz d)
[    22.844] (II) modeset(0): Modeline "512x384"x120.0   32.50  512 524 592 672  384 385 388 403 doublescan -hsync -vsync (48.4 kHz d)
[    22.844] (II) modeset(0): Modeline "512x288"x120.0   23.25  512 532 580 648  288 289 292 299 doublescan -hsync +vsync (35.9 kHz d)
[    22.844] (II) modeset(0): Modeline "512x288"x119.8   21.00  512 536 552 592  288 289 292 296 doublescan +hsync -vsync (35.5 kHz d)
[    22.845] (II) modeset(0): Modeline "480x270"x119.3   20.38  480 496 544 608  270 271 274 281 doublescan -hsync +vsync (33.5 kHz d)
[    22.845] (II) modeset(0): Modeline "480x270"x119.6   18.62  480 504 520 560  270 271 274 278 doublescan +hsync -vsync (33.3 kHz d)
[    22.845] (II) modeset(0): Modeline "400x300"x120.6   20.00  400 420 484 528  300 300 302 314 doublescan +hsync +vsync (37.9 kHz d)
[    22.845] (II) modeset(0): Modeline "400x300"x112.7   18.00  400 412 448 512  300 300 301 312 doublescan +hsync +vsync (35.2 kHz d)
[    22.845] (II) modeset(0): Modeline "432x243"x119.8   16.25  432 444 484 536  243 244 247 253 doublescan -hsync +vsync (30.3 kHz d)
[    22.845] (II) modeset(0): Modeline "432x243"x119.1   15.25  432 456 472 512  243 244 247 250 doublescan +hsync -vsync (29.8 kHz d)
[    22.845] (II) modeset(0): Modeline "320x240"x120.1   12.59  320 328 376 400  240 245 246 262 doublescan -hsync -vsync (31.5 kHz d)
[    22.845] (II) modeset(0): Modeline "360x202"x119.0   11.25  360 372 404 448  202 204 206 211 doublescan -hsync +vsync (25.1 kHz d)
[    22.845] (II) modeset(0): Modeline "360x202"x118.3   10.88  360 384 400 440  202 204 206 209 doublescan +hsync -vsync (24.7 kHz d)
[    22.845] (II) modeset(0): Modeline "320x180"x119.7    9.00  320 332 360 400  180 181 184 188 doublescan -hsync +vsync (22.5 kHz d)
[    22.845] (II) modeset(0): Modeline "320x180"x118.6    8.88  320 344 360 400  180 181 184 187 doublescan +hsync -vsync (22.2 kHz d)
[    22.857] (II) modeset(0): EDID for output DP-1
[    22.864] (II) modeset(0): EDID for output HDMI-1
[    22.864] (II) modeset(0): EDID for output DP-2
[    22.921] (II) modeset(0): EDID for output HDMI-2
[    22.921] (II) modeset(0): EDID for output DP-1-1
[    22.921] (II) modeset(0): EDID for output DP-1-2
[    22.975] (II) modeset(0): EDID for output DP-1-3
[    22.975] (II) modeset(0): Manufacturer: GTW  Model: 37b  Serial#: 878727282
[    22.975] (II) modeset(0): Year: 2013  Week: 46
[    22.975] (II) modeset(0): EDID Version: 1.3
[    22.975] (II) modeset(0): Analog Display Input,  Input Voltage Level: 0.700/0.700 V
[    22.975] (II) modeset(0): Sync:  Separate
[    22.975] (II) modeset(0): Max Image Size [cm]: horiz.: 48  vert.: 27
[    22.975] (II) modeset(0): Gamma: 2.20
[    22.975] (II) modeset(0): DPMS capabilities: Off; RGB/Color Display
[    22.975] (II) modeset(0): First detailed timing is preferred mode
[    22.975] (II) modeset(0): redX: 0.633 redY: 0.351   greenX: 0.322 greenY: 0.630
[    22.975] (II) modeset(0): blueX: 0.152 blueY: 0.050   whiteX: 0.313 whiteY: 0.329
[    22.976] (II) modeset(0): Supported established timings:
[    22.976] (II) modeset(0): 720x400@70Hz
[    22.976] (II) modeset(0): 640x480@60Hz
[    22.976] (II) modeset(0): 640x480@67Hz
[    22.976] (II) modeset(0): 800x600@56Hz
[    22.976] (II) modeset(0): 800x600@60Hz
[    22.976] (II) modeset(0): 1024x768@60Hz
[    22.976] (II) modeset(0): 1024x768@70Hz
[    22.976] (II) modeset(0): Manufacturer's mask: 0
[    22.976] (II) modeset(0): Supported standard timings:
[    22.976] (II) modeset(0): #0: hsize: 1920  vsize 1080  refresh: 60  vid: 49361
[    22.976] (II) modeset(0): #1: hsize: 1680  vsize 1050  refresh: 60  vid: 179
[    22.976] (II) modeset(0): #2: hsize: 1440  vsize 900  refresh: 60  vid: 149
[    22.976] (II) modeset(0): #3: hsize: 1280  vsize 1024  refresh: 60  vid: 32897
[    22.976] (II) modeset(0): #4: hsize: 1280  vsize 800  refresh: 60  vid: 129
[    22.976] (II) modeset(0): #5: hsize: 1280  vsize 720  refresh: 60  vid: 49281
[    22.976] (II) modeset(0): #6: hsize: 1152  vsize 864  refresh: 75  vid: 20337
[    22.976] (II) modeset(0): Supported detailed timing:
[    22.976] (II) modeset(0): clock: 148.5 MHz   Image Size:  477 x 268 mm
[    22.976] (II) modeset(0): h_active: 1920  h_sync: 2008  h_sync_end 2052 h_blank_end 2200 h_border: 0
[    22.976] (II) modeset(0): v_active: 1080  v_sync: 1084  v_sync_end 1089 v_blanking: 1125 v_border: 0
[    22.976] (II) modeset(0): Ranges: V min: 50 V max: 76 Hz, H min: 30 H max: 83 kHz, PixClock max 185 MHz
[    22.976] (II) modeset(0): Serial No: C3GAA0054201
[    22.976] (II) modeset(0): Monitor name: GTW KX2153
[    22.976] (II) modeset(0): EDID (in hex):
[    22.976] (II) modeset(0): 	00ffffffffffff001e977b0372506034
[    22.976] (II) modeset(0): 	2e17010368301b782a3935a25952a127
[    22.976] (II) modeset(0): 	0c5054b30c00d1c0b300950081808100
[    22.976] (II) modeset(0): 	81c0714f0101023a801871382d40582c
[    22.976] (II) modeset(0): 	4500dd0c1100001e000000fd00324c1e
[    22.976] (II) modeset(0): 	5312000a202020202020000000ff0043
[    22.976] (II) modeset(0): 	33474141303035343230310a000000fc
[    22.976] (II) modeset(0): 	00475457204b58323135330a20200092
[    22.977] (II) modeset(0): Printing probed modes for output DP-1-3
[    22.977] (II) modeset(0): Modeline "1920x1080"x60.0  148.50  1920 2008 2052 2200  1080 1084 1089 1125 +hsync +vsync (67.5 kHz eP)
[    22.977] (II) modeset(0): Modeline "1680x1050"x60.0  146.25  1680 1784 1960 2240  1050 1053 1059 1089 -hsync +vsync (65.3 kHz e)
[    22.977] (II) modeset(0): Modeline "1280x1024"x60.0  108.00  1280 1328 1440 1688  1024 1025 1028 1066 +hsync +vsync (64.0 kHz e)
[    22.977] (II) modeset(0): Modeline "1440x900"x59.9  106.50  1440 1520 1672 1904  900 903 909 934 -hsync +vsync (55.9 kHz e)
[    22.977] (II) modeset(0): Modeline "1280x800"x59.8   83.50  1280 1352 1480 1680  800 803 809 831 -hsync +vsync (49.7 kHz e)
[    22.977] (II) modeset(0): Modeline "1152x864"x75.0  108.00  1152 1216 1344 1600  864 865 868 900 +hsync +vsync (67.5 kHz e)
[    22.977] (II) modeset(0): Modeline "1280x720"x60.0   74.25  1280 1390 1430 1650  720 725 730 750 +hsync +vsync (45.0 kHz e)
[    22.977] (II) modeset(0): Modeline "1024x768"x70.1   75.00  1024 1048 1184 1328  768 771 777 806 -hsync -vsync (56.5 kHz e)
[    22.977] (II) modeset(0): Modeline "1024x768"x60.0   65.00  1024 1048 1184 1344  768 771 777 806 -hsync -vsync (48.4 kHz e)
[    22.977] (II) modeset(0): Modeline "800x600"x60.3   40.00  800 840 968 1056  600 601 605 628 +hsync +vsync (37.9 kHz e)
[    22.977] (II) modeset(0): Modeline "800x600"x56.2   36.00  800 824 896 1024  600 601 603 625 +hsync +vsync (35.2 kHz e)
[    22.977] (II) modeset(0): Modeline "640x480"x66.7   30.24  640 704 768 864  480 483 486 525 -hsync -vsync (35.0 kHz e)
[    22.977] (II) modeset(0): Modeline "640x480"x59.9   25.18  640 656 752 800  480 490 492 525 -hsync -vsync (31.5 kHz e)
[    22.977] (II) modeset(0): Modeline "720x400"x70.1   28.32  720 738 846 900  400 412 414 449 -hsync +vsync (31.5 kHz e)
[    22.977] (II) modeset(0): Output eDP-1 connected
[    22.977] (II) modeset(0): Output DP-1 disconnected
[    22.977] (II) modeset(0): Output HDMI-1 disconnected
[    22.977] (II) modeset(0): Output DP-2 disconnected
[    22.977] (II) modeset(0): Output HDMI-2 disconnected
[    22.977] (II) modeset(0): Output DP-1-1 disconnected
[    22.977] (II) modeset(0): Output DP-1-2 disconnected
[    22.977] (II) modeset(0): Output DP-1-3 connected
[    22.977] (II) modeset(0): Using spanning desktop for initial modes
[    22.977] (II) modeset(0): Output eDP-1 using initial mode 2560x1440 +0+0
[    22.977] (II) modeset(0): Output DP-1-3 using initial mode 1920x1080 +2560+0
[    22.977] (==) modeset(0): Using gamma correction (1.0, 1.0, 1.0)
[    22.977] (==) modeset(0): DPI set to (96, 96)
[    22.977] (II) Loading sub module "fb"
[    22.977] (II) LoadModule: "fb"
[    22.978] (II) Module "fb" already built-in
[    23.018] (==) modeset(0): Backing store enabled
[    23.018] (==) modeset(0): Silken mouse enabled
[    23.202] (II) modeset(0): Initializing kms color map for depth 24, 8 bpc.
[    23.202] (==) modeset(0): DPMS enabled
[    23.203] (II) modeset(0): [DRI2] Setup complete
[    23.203] (II) modeset(0): [DRI2]   DRI driver: iris
[    23.203] (II) modeset(0): [DRI2]   VDPAU driver: va_gl
[    23.203] (II) Initializing extension Generic Event Extension
[    23.203] (II) Initializing extension SHAPE
[    23.203] (II) Initializing extension MIT-SHM
[    23.204] (II) Initializing extension XInputExtension
[    23.204] (II) Initializing extension XTEST
[    23.205] (II) Initializing extension BIG-REQUESTS
[    23.205] (II) Initializing extension SYNC
[    23.205] (II) Initializing extension XKEYBOARD
[    23.206] (II) Initializing extension XC-MISC
[    23.206] (II) Initializing extension SECURITY
[    23.206] (II) Initializing extension XFIXES
[    23.207] (II) Initializing extension RENDER
[    23.207] (II) Initializing extension RANDR
[    23.208] (II) Initializing extension COMPOSITE
[    23.208] (II) Initializing extension DAMAGE
[    23.208] (II) Initializing extension MIT-SCREEN-SAVER
[    23.209] (II) Initializing extension DOUBLE-BUFFER
[    23.209] (II) Initializing extension RECORD
[    23.209] (II) Initializing extension DPMS
[    23.210] (II) Initializing extension Present
[    23.210] (II) Initializing extension DRI3
[    23.210] (II) Initializing extension X-Resource
[    23.211] (II) Initializing extension XVideo
[    23.211] (II) Initializing extension XVideo-MotionCompensation
[    23.211] (II) Initializing extension GLX
[    23.233] (II) AIGLX: Loaded and initialized iris
[    23.233] (II) GLX: Initialized DRI2 GL provider for screen 0
[    23.233] (II) Initializing extension XFree86-VidModeExtension
[    23.234] (II) Initializing extension XFree86-DGA
[    23.234] (II) Initializing extension XFree86-DRI
[    23.234] (II) Initializing extension DRI2
[    23.235] (II) modeset(0): Damage tracking initialized
[    23.235] (II) modeset(0): Setting screen physical size to 1185 x 381
[    23.299] (II) config/udev: Adding input device Power Button (/dev/input/event2)
[    23.299] (**) Power Button: Applying InputClass "libinput keyboard catchall"
[    23.299] (II) LoadModule: "libinput"
[    23.300] (II) Loading /usr/lib/xorg/modules/input/libinput_drv.so
[    23.302] (II) Module libinput: vendor="X.Org Foundation"
[    23.302] 	compiled for 1.21.1.8, module version = 1.3.0
[    23.302] 	Module class: X.Org XInput Driver
[    23.302] 	ABI class: X.Org XInput driver, version 24.4
[    23.302] (II) Using input driver 'libinput' for 'Power Button'
[    23.303] (II) systemd-logind: got fd for /dev/input/event2 13:66 fd 27 paused 0
[    23.303] (**) Power Button: always reports core events
[    23.303] (**) Option "Device" "/dev/input/event2"
[    23.309] (II) event2  - Power Button: is tagged by udev as: Keyboard
[    23.309] (II) event2  - Power Button: device is a keyboard
[    23.309] (II) event2  - Power Button: device removed
[    23.309] (**) Option "config_info" "udev:/sys/devices/LNXSYSTM:00/LNXPWRBN:00/input/input2/event2"
[    23.309] (II) XINPUT: Adding extended input device "Power Button" (type: KEYBOARD, id 6)
[    23.310] (II) event2  - Power Button: is tagged by udev as: Keyboard
[    23.310] (II) event2  - Power Button: device is a keyboard
[    23.311] (II) config/udev: Adding input device Video Bus (/dev/input/event5)
[    23.311] (**) Video Bus: Applying InputClass "libinput keyboard catchall"
[    23.311] (II) Using input driver 'libinput' for 'Video Bus'
[    23.312] (II) systemd-logind: got fd for /dev/input/event5 13:69 fd 30 paused 0
[    23.312] (**) Video Bus: always reports core events
[    23.312] (**) Option "Device" "/dev/input/event5"
[    23.313] (II) event5  - Video Bus: is tagged by udev as: Keyboard
[    23.313] (II) event5  - Video Bus: device is a keyboard
[    23.313] (II) event5  - Video Bus: device removed
[    23.313] (**) Option "config_info" "udev:/sys/devices/LNXSYSTM:00/LNXSYBUS:00/PNP0A08:00/LNXVIDEO:00/input/input6/event5"
[    23.313] (II) XINPUT: Adding extended input device "Video Bus" (type: KEYBOARD, id 7)
[    23.314] (II) event5  - Video Bus: is tagged by udev as: Keyboard
[    23.314] (II) event5  - Video Bus: device is a keyboard
[    23.314] (II) config/udev: Adding input device Lid Switch (/dev/input/event1)
[    23.314] (II) No input driver specified, ignoring this device.
[    23.314] (II) This device may have been added with another device file.
[    23.315] (II) config/udev: Adding input device Sleep Button (/dev/input/event0)
[    23.315] (**) Sleep Button: Applying InputClass "libinput keyboard catchall"
[    23.315] (II) Using input driver 'libinput' for 'Sleep Button'
[    23.315] (II) systemd-logind: got fd for /dev/input/event0 13:64 fd 31 paused 0
[    23.315] (**) Sleep Button: always reports core events
[    23.315] (**) Option "Device" "/dev/input/event0"
[    23.316] (II) event0  - Sleep Button: is tagged by udev as: Keyboard
[    23.316] (II) event0  - Sleep Button: device is a keyboard
[    23.316] (II) event0  - Sleep Button: device removed
[    23.316] (**) Option "config_info" "udev:/sys/devices/LNXSYSTM:00/LNXSYBUS:00/PNP0C0E:00/input/input0/event0"
[    23.316] (II) XINPUT: Adding extended input device "Sleep Button" (type: KEYBOARD, id 8)
[    23.317] (II) event0  - Sleep Button: is tagged by udev as: Keyboard
[    23.317] (II) event0  - Sleep Button: device is a keyboard
[    23.319] (II) config/udev: Adding input device Lenovo ThinkPad USB-C Dock Audio (/dev/input/event6)
[    23.319] (**) Lenovo ThinkPad USB-C Dock Audio: Applying InputClass "libinput keyboard catchall"
[    23.319] (II) Using input driver 'libinput' for 'Lenovo ThinkPad USB-C Dock Audio'
[    23.319] (II) systemd-logind: got fd for /dev/input/event6 13:70 fd 32 paused 0
[    23.319] (**) Lenovo ThinkPad USB-C Dock Audio: always reports core events
[    23.319] (**) Option "Device" "/dev/input/event6"
[    23.321] (II) event6  - Lenovo ThinkPad USB-C Dock Audio: is tagged by udev as: Keyboard
[    23.321] (II) event6  - Lenovo ThinkPad USB-C Dock Audio: device is a keyboard
[    23.321] (II) event6  - Lenovo ThinkPad USB-C Dock Audio: device removed
[    23.321] (**) Option "config_info" "udev:/sys/devices/pci0000:00/0000:00:14.0/usb1/1-3/1-3.4/1-3.4.2/1-3.4.2.3/1-3.4.2.3:1.3/0003:17EF:3063.0002/input/input7/event6"
[    23.321] (II) XINPUT: Adding extended input device "Lenovo ThinkPad USB-C Dock Audio" (type: KEYBOARD, id 9)
[    23.323] (II) event6  - Lenovo ThinkPad USB-C Dock Audio: is tagged by udev as: Keyboard
[    23.323] (II) event6  - Lenovo ThinkPad USB-C Dock Audio: device is a keyboard
[    23.324] (II) config/udev: Adding input device HDA Intel PCH Mic (/dev/input/event8)
[    23.324] (II) No input driver specified, ignoring this device.
[    23.324] (II) This device may have been added with another device file.
[    23.324] (II) config/udev: Adding input device HDA Intel PCH Headphone (/dev/input/event9)
[    23.324] (II) No input driver specified, ignoring this device.
[    23.324] (II) This device may have been added with another device file.
[    23.325] (II) config/udev: Adding input device HDA Intel PCH HDMI/DP,pcm=3 (/dev/input/event10)
[    23.325] (II) No input driver specified, ignoring this device.
[    23.325] (II) This device may have been added with another device file.
[    23.325] (II) config/udev: Adding input device HDA Intel PCH HDMI/DP,pcm=7 (/dev/input/event11)
[    23.325] (II) No input driver specified, ignoring this device.
[    23.325] (II) This device may have been added with another device file.
[    23.325] (II) config/udev: Adding input device HDA Intel PCH HDMI/DP,pcm=8 (/dev/input/event12)
[    23.325] (II) No input driver specified, ignoring this device.
[    23.325] (II) This device may have been added with another device file.
[    23.326] (II) config/udev: Adding input device Synaptics TM3289-021 (/dev/input/event13)
[    23.326] (**) Synaptics TM3289-021: Applying InputClass "libinput touchpad catchall"
[    23.326] (II) Using input driver 'libinput' for 'Synaptics TM3289-021'
[    23.326] (II) systemd-logind: got fd for /dev/input/event13 13:77 fd 33 paused 0
[    23.326] (**) Synaptics TM3289-021: always reports core events
[    23.326] (**) Option "Device" "/dev/input/event13"
[    23.327] (II) event13 - Synaptics TM3289-021: is tagged by udev as: Touchpad
[    23.329] (II) event13 - Synaptics TM3289-021: device is a touchpad
[    23.329] (II) event13 - Synaptics TM3289-021: device removed
[    23.329] (II) libinput: Synaptics TM3289-021: Step value 0 was provided, libinput Fallback acceleration function is used.
[    23.329] (II) libinput: Synaptics TM3289-021: Step value 0 was provided, libinput Fallback acceleration function is used.
[    23.329] (II) libinput: Synaptics TM3289-021: Step value 0 was provided, libinput Fallback acceleration function is used.
[    23.330] (**) Option "config_info" "udev:/sys/devices/pci0000:00/0000:00:1f.4/i2c-7/7-002c/rmi4-00/input/input10/event13"
[    23.330] (II) XINPUT: Adding extended input device "Synaptics TM3289-021" (type: TOUCHPAD, id 10)
[    23.331] (**) Option "AccelerationScheme" "none"
[    23.331] (**) Synaptics TM3289-021: (accel) selected scheme none/0
[    23.331] (**) Synaptics TM3289-021: (accel) acceleration factor: 2.000
[    23.331] (**) Synaptics TM3289-021: (accel) acceleration threshold: 4
[    23.332] (II) event13 - Synaptics TM3289-021: is tagged by udev as: Touchpad
[    23.334] (II) event13 - Synaptics TM3289-021: device is a touchpad
[    23.335] (II) config/udev: Adding input device Synaptics TM3289-021 (/dev/input/mouse0)
[    23.335] (II) No input driver specified, ignoring this device.
[    23.335] (II) This device may have been added with another device file.
[    23.335] (II) config/udev: Adding input device TPPS/2 Elan TrackPoint (/dev/input/event14)
[    23.335] (**) TPPS/2 Elan TrackPoint: Applying InputClass "libinput pointer catchall"
[    23.335] (II) Using input driver 'libinput' for 'TPPS/2 Elan TrackPoint'
[    23.336] (II) systemd-logind: got fd for /dev/input/event14 13:78 fd 34 paused 0
[    23.336] (**) TPPS/2 Elan TrackPoint: always reports core events
[    23.336] (**) Option "Device" "/dev/input/event14"
[    23.337] (II) event14 - TPPS/2 Elan TrackPoint: is tagged by udev as: Mouse Pointingstick
[    23.337] (II) event14 - TPPS/2 Elan TrackPoint: trackpoint multiplier is 0.40
[    23.337] (II) event14 - TPPS/2 Elan TrackPoint: device is a pointer
[    23.338] (II) event14 - TPPS/2 Elan TrackPoint: device removed
[    23.338] (II) libinput: TPPS/2 Elan TrackPoint: Step value 0 was provided, libinput Fallback acceleration function is used.
[    23.338] (II) libinput: TPPS/2 Elan TrackPoint: Step value 0 was provided, libinput Fallback acceleration function is used.
[    23.338] (II) libinput: TPPS/2 Elan TrackPoint: Step value 0 was provided, libinput Fallback acceleration function is used.
[    23.338] (**) Option "config_info" "udev:/sys/devices/pci0000:00/0000:00:1f.4/i2c-7/7-002c/rmi4-00/rmi4-00.fn03/serio2/input/input16/event14"
[    23.338] (II) XINPUT: Adding extended input device "TPPS/2 Elan TrackPoint" (type: MOUSE, id 11)
[    23.338] (**) Option "AccelerationScheme" "none"
[    23.338] (**) TPPS/2 Elan TrackPoint: (accel) selected scheme none/0
[    23.338] (**) TPPS/2 Elan TrackPoint: (accel) acceleration factor: 2.000
[    23.338] (**) TPPS/2 Elan TrackPoint: (accel) acceleration threshold: 4
[    23.340] (II) event14 - TPPS/2 Elan TrackPoint: is tagged by udev as: Mouse Pointingstick
[    23.340] (II) event14 - TPPS/2 Elan TrackPoint: trackpoint multiplier is 0.40
[    23.340] (II) event14 - TPPS/2 Elan TrackPoint: device is a pointer
[    23.341] (II) config/udev: Adding input device TPPS/2 Elan TrackPoint (/dev/input/mouse1)
[    23.341] (II) No input driver specified, ignoring this device.
[    23.341] (II) This device may have been added with another device file.
[    23.342] (II) config/udev: Adding input device AT Translated Set 2 keyboard (/dev/input/event3)
[    23.342] (**) AT Translated Set 2 keyboard: Applying InputClass "libinput keyboard catchall"
[    23.342] (II) Using input driver 'libinput' for 'AT Translated Set 2 keyboard'
[    23.342] (II) systemd-logind: got fd for /dev/input/event3 13:67 fd 35 paused 0
[    23.342] (**) AT Translated Set 2 keyboard: always reports core events
[    23.342] (**) Option "Device" "/dev/input/event3"
[    23.343] (II) event3  - AT Translated Set 2 keyboard: is tagged by udev as: Keyboard
[    23.343] (II) event3  - AT Translated Set 2 keyboard: device is a keyboard
[    23.344] (II) event3  - AT Translated Set 2 keyboard: device removed
[    23.344] (**) Option "config_info" "udev:/sys/devices/platform/i8042/serio0/input/input4/event3"
[    23.344] (II) XINPUT: Adding extended input device "AT Translated Set 2 keyboard" (type: KEYBOARD, id 12)
[    23.345] (II) event3  - AT Translated Set 2 keyboard: is tagged by udev as: Keyboard
[    23.345] (II) event3  - AT Translated Set 2 keyboard: device is a keyboard
[    23.346] (II) config/udev: Adding input device PC Speaker (/dev/input/event7)
[    23.346] (II) No input driver specified, ignoring this device.
[    23.346] (II) This device may have been added with another device file.
[    23.348] (II) config/udev: Adding input device ThinkPad Extra Buttons (/dev/input/event4)
[    23.348] (**) ThinkPad Extra Buttons: Applying InputClass "libinput keyboard catchall"
[    23.348] (II) Using input driver 'libinput' for 'ThinkPad Extra Buttons'
[    23.349] (II) systemd-logind: got fd for /dev/input/event4 13:68 fd 36 paused 0
[    23.349] (**) ThinkPad Extra Buttons: always reports core events
[    23.349] (**) Option "Device" "/dev/input/event4"
[    23.349] (II) event4  - ThinkPad Extra Buttons: is tagged by udev as: Keyboard Switch
[    23.350] (II) event4  - ThinkPad Extra Buttons: device is a keyboard
[    23.350] (II) event4  - ThinkPad Extra Buttons: device removed
[    23.350] (**) Option "config_info" "udev:/sys/devices/platform/thinkpad_acpi/input/input3/event4"
[    23.350] (II) XINPUT: Adding extended input device "ThinkPad Extra Buttons" (type: KEYBOARD, id 13)
[    23.351] (II) event4  - ThinkPad Extra Buttons: is tagged by udev as: Keyboard Switch
[    23.351] (II) event4  - ThinkPad Extra Buttons: device is a keyboard
[    63.832] (**) Option "fd" "27"
[    63.832] (II) event2  - Power Button: device removed
[    63.832] (**) Option "fd" "30"
[    63.832] (II) event5  - Video Bus: device removed
[    63.832] (**) Option "fd" "31"
[    63.832] (II) event0  - Sleep Button: device removed
[    63.833] (**) Option "fd" "32"
[    63.833] (II) event6  - Lenovo ThinkPad USB-C Dock Audio: device removed
[    63.833] (**) Option "fd" "33"
[    63.833] (II) event13 - Synaptics TM3289-021: device removed
[    63.833] (**) Option "fd" "34"
[    63.833] (II) event14 - TPPS/2 Elan TrackPoint: device removed
[    63.833] (**) Option "fd" "35"
[    63.833] (II) event3  - AT Translated Set 2 keyboard: device removed
[    63.833] (**) Option "fd" "36"
[    63.833] (II) event4  - ThinkPad Extra Buttons: device removed
[    63.852] (II) UnloadModule: "libinput"
[    63.852] (II) systemd-logind: releasing fd for 13:68
[    63.971] (II) UnloadModule: "libinput"
[    63.971] (II) systemd-logind: releasing fd for 13:67
[    64.000] (II) UnloadModule: "libinput"
[    64.000] (II) systemd-logind: releasing fd for 13:78
[    64.001] (II) UnloadModule: "libinput"
[    64.001] (II) systemd-logind: releasing fd for 13:77
[    64.001] (II) UnloadModule: "libinput"
[    64.001] (II) systemd-logind: releasing fd for 13:70
[    64.002] (II) UnloadModule: "libinput"
[    64.002] (II) systemd-logind: releasing fd for 13:64
[    64.003] (II) UnloadModule: "libinput"
[    64.003] (II) systemd-logind: releasing fd for 13:69
[    64.005] (II) UnloadModule: "libinput"
[    64.005] (II) systemd-logind: releasing fd for 13:66
[    64.028] (WW) xf86CloseConsole: KDSETMODE failed: Input/output error
[    64.029] (WW) xf86CloseConsole: VT_GETMODE failed: Input/output error
[    64.029] (WW) xf86OpenConsole: VT_GETSTATE failed: Input/output error
[    64.085] (II) Server terminated successfully (0). Closing log file.
