0 verbose cli /home/ra/.nvm/versions/node/v20.5.1/bin/node /home/ra/.nvm/versions/node/v20.5.1/bin/npm
1 info using npm@9.8.0
2 info using node@v20.5.1
3 timing npm:load:whichnode Completed in 5ms
4 timing config:load:defaults Completed in 4ms
5 timing config:load:file:/home/ra/.nvm/versions/node/v20.5.1/lib/node_modules/npm/npmrc Completed in 1ms
6 timing config:load:builtin Completed in 1ms
7 timing config:load:cli Completed in 8ms
8 timing config:load:env Completed in 1ms
9 timing config:load:file:/home/ra/.config/coc/extensions/node_modules/coc-tsserver-348a89d6-c3f2-4483-a9c7-1274358cbbb7/.npmrc Completed in 0ms
10 timing config:load:project Completed in 10ms
11 timing config:load:file:/home/ra/.npmrc Completed in 0ms
12 timing config:load:user Completed in 1ms
13 timing config:load:file:/home/ra/.nvm/versions/node/v20.5.1/etc/npmrc Completed in 0ms
14 timing config:load:global Completed in 0ms
15 timing config:load:setEnvs Completed in 2ms
16 timing config:load Completed in 28ms
17 timing npm:load:configload Completed in 29ms
18 timing config:load:flatten Completed in 4ms
19 timing npm:load:mkdirpcache Completed in 6ms
20 timing npm:load:mkdirplogs Completed in 0ms
21 verbose title npm install
22 verbose argv "install" "--ignore-scripts" "--no-lockfile" "--omit" "dev" "--legacy-peer-deps" "--no-global"
23 timing npm:load:setTitle Completed in 2ms
24 timing npm:load:display Completed in 1ms
25 verbose logfile logs-max:10 dir:/home/ra/.npm/_logs/2023-08-15T02_13_39_103Z-
26 verbose logfile /home/ra/.npm/_logs/2023-08-15T02_13_39_103Z-debug-0.log
27 timing npm:load:logFile Completed in 17ms
28 timing npm:load:timers Completed in 0ms
29 timing npm:load:configScope Completed in 1ms
30 timing npm:load Completed in 86ms
31 timing arborist:ctor Completed in 1ms
32 silly logfile done cleaning log files
33 timing arborist:ctor Completed in 1ms
34 timing idealTree:init Completed in 17ms
35 timing idealTree:userRequests Completed in 0ms
36 silly idealTree buildDeps
37 silly fetch manifest typescript@^4.9.3
38 http fetch GET 200 https://registry.npmjs.org/typescript 2033ms (cache miss)
39 silly fetch manifest @types/node@^14.14
40 http fetch GET 200 https://registry.npmjs.org/@types%2fnode 438ms (cache miss)
41 silly fetch manifest coc.nvim@^0.0.83-next.11
42 http fetch GET 200 https://registry.npmjs.org/coc.nvim 345ms (cache miss)
43 silly fetch manifest esbuild@^0.15.13
44 http fetch GET 200 https://registry.npmjs.org/esbuild 482ms (cache miss)
45 silly fetch manifest semver@^7.3.7
46 http fetch GET 200 https://registry.npmjs.org/semver 203ms (cache miss)
47 silly fetch manifest vscode-languageserver-protocol@^3.17.2
48 http fetch GET 200 https://registry.npmjs.org/vscode-languageserver-protocol 362ms (cache miss)
49 silly fetch manifest strip-ansi@^7.0.1
50 http fetch GET 200 https://registry.npmjs.org/strip-ansi 78ms (cache miss)
51 silly fetch manifest which@^2.0.2
52 http fetch GET 200 https://registry.npmjs.org/which 78ms (cache miss)
53 silly placeDep ROOT @types/node@14.18.54 OK for: coc-tsserver@2.1.3 want: ^14.14
54 silly placeDep ROOT coc.nvim@0.0.83-next.17 OK for: coc-tsserver@2.1.3 want: ^0.0.83-next.11
55 silly placeDep ROOT esbuild@0.15.18 OK for: coc-tsserver@2.1.3 want: ^0.15.13
56 silly fetch manifest @esbuild/android-arm@0.15.18
57 silly fetch manifest @esbuild/linux-loong64@0.15.18
58 silly fetch manifest esbuild-android-64@0.15.18
59 silly fetch manifest esbuild-android-arm64@0.15.18
60 silly fetch manifest esbuild-darwin-64@0.15.18
61 silly fetch manifest esbuild-darwin-arm64@0.15.18
62 silly fetch manifest esbuild-freebsd-64@0.15.18
63 silly fetch manifest esbuild-freebsd-arm64@0.15.18
64 silly fetch manifest esbuild-linux-32@0.15.18
65 silly fetch manifest esbuild-linux-64@0.15.18
66 silly fetch manifest esbuild-linux-arm@0.15.18
67 silly fetch manifest esbuild-linux-arm64@0.15.18
68 silly fetch manifest esbuild-linux-mips64le@0.15.18
69 silly fetch manifest esbuild-linux-ppc64le@0.15.18
70 silly fetch manifest esbuild-linux-riscv64@0.15.18
71 silly fetch manifest esbuild-linux-s390x@0.15.18
72 silly fetch manifest esbuild-netbsd-64@0.15.18
73 silly fetch manifest esbuild-openbsd-64@0.15.18
74 silly fetch manifest esbuild-sunos-64@0.15.18
75 silly fetch manifest esbuild-windows-32@0.15.18
76 silly fetch manifest esbuild-windows-64@0.15.18
77 silly fetch manifest esbuild-windows-arm64@0.15.18
78 silly placeDep ROOT semver@7.5.4 OK for: coc-tsserver@2.1.3 want: ^7.3.7
79 silly fetch manifest lru-cache@^6.0.0
80 silly placeDep ROOT strip-ansi@7.1.0 OK for: coc-tsserver@2.1.3 want: ^7.0.1
81 silly fetch manifest ansi-regex@^6.0.1
82 silly placeDep ROOT typescript@4.9.5 OK for: coc-tsserver@2.1.3 want: ^4.9.3
83 silly placeDep ROOT vscode-languageserver-protocol@3.17.3 OK for: coc-tsserver@2.1.3 want: ^3.17.2
84 silly fetch manifest vscode-jsonrpc@8.1.0
85 silly fetch manifest vscode-languageserver-types@3.17.3
86 silly placeDep ROOT which@2.0.2 OK for: coc-tsserver@2.1.3 want: ^2.0.2
87 silly fetch manifest isexe@^2.0.0
88 http fetch GET 200 https://registry.npmjs.org/@esbuild%2fandroid-arm 250ms (cache miss)
89 http fetch GET 200 https://registry.npmjs.org/esbuild-linux-s390x 384ms (cache miss)
90 http fetch GET 200 https://registry.npmjs.org/@esbuild%2flinux-loong64 576ms (cache miss)
91 http fetch GET 200 https://registry.npmjs.org/esbuild-netbsd-64 611ms (cache miss)
92 http fetch GET 200 https://registry.npmjs.org/esbuild-linux-mips64le 685ms (cache miss)
93 http fetch GET 200 https://registry.npmjs.org/esbuild-android-64 738ms (cache miss)
94 http fetch GET 200 https://registry.npmjs.org/esbuild-linux-riscv64 780ms (cache miss)
95 http fetch GET 200 https://registry.npmjs.org/esbuild-linux-ppc64le 846ms (cache miss)
96 http fetch GET 200 https://registry.npmjs.org/esbuild-freebsd-arm64 951ms (cache miss)
97 http fetch GET 200 https://registry.npmjs.org/esbuild-linux-arm64 1047ms (cache miss)
98 http fetch GET 200 https://registry.npmjs.org/esbuild-openbsd-64 1119ms (cache miss)
99 http fetch GET 200 https://registry.npmjs.org/esbuild-windows-arm64 1114ms (cache miss)
100 http fetch GET 200 https://registry.npmjs.org/ansi-regex 1113ms (cache miss)
101 http fetch GET 200 https://registry.npmjs.org/lru-cache 1248ms (cache miss)
102 http fetch GET 200 https://registry.npmjs.org/esbuild-android-arm64 1332ms (cache miss)
103 http fetch GET 200 https://registry.npmjs.org/isexe 1329ms (cache miss)
104 http fetch GET 200 https://registry.npmjs.org/esbuild-linux-64 1450ms (cache miss)
105 http fetch GET 200 https://registry.npmjs.org/esbuild-darwin-64 1507ms (cache miss)
106 http fetch GET 200 https://registry.npmjs.org/esbuild-linux-arm 1512ms (cache miss)
107 http fetch GET 200 https://registry.npmjs.org/vscode-jsonrpc 1869ms (cache miss)
108 http fetch GET 200 https://registry.npmjs.org/esbuild-sunos-64 1954ms (cache miss)
109 http fetch GET 200 https://registry.npmjs.org/esbuild-windows-32 2031ms (cache miss)
110 http fetch GET 200 https://registry.npmjs.org/esbuild-freebsd-64 2071ms (cache miss)
111 http fetch GET 200 https://registry.npmjs.org/vscode-languageserver-types 2032ms (cache miss)
112 http fetch GET 200 https://registry.npmjs.org/esbuild-darwin-arm64 2133ms (cache miss)
113 http fetch GET 200 https://registry.npmjs.org/esbuild-linux-32 2204ms (cache miss)
114 http fetch GET 200 https://registry.npmjs.org/esbuild-windows-64 3021ms (cache miss)
115 timing idealTree:#root Completed in 7462ms
116 timing idealTree:node_modules/@types/node Completed in 0ms
117 timing idealTree:node_modules/coc.nvim Completed in 0ms
118 silly placeDep ROOT @esbuild/android-arm@0.15.18 OK for: esbuild@0.15.18 want: 0.15.18
119 silly placeDep ROOT @esbuild/linux-loong64@0.15.18 OK for: esbuild@0.15.18 want: 0.15.18
120 silly placeDep ROOT esbuild-android-64@0.15.18 OK for: esbuild@0.15.18 want: 0.15.18
121 silly placeDep ROOT esbuild-android-arm64@0.15.18 OK for: esbuild@0.15.18 want: 0.15.18
122 silly placeDep ROOT esbuild-darwin-64@0.15.18 OK for: esbuild@0.15.18 want: 0.15.18
123 silly placeDep ROOT esbuild-darwin-arm64@0.15.18 OK for: esbuild@0.15.18 want: 0.15.18
124 silly placeDep ROOT esbuild-freebsd-64@0.15.18 OK for: esbuild@0.15.18 want: 0.15.18
125 silly placeDep ROOT esbuild-freebsd-arm64@0.15.18 OK for: esbuild@0.15.18 want: 0.15.18
126 silly placeDep ROOT esbuild-linux-32@0.15.18 OK for: esbuild@0.15.18 want: 0.15.18
127 silly placeDep ROOT esbuild-linux-64@0.15.18 OK for: esbuild@0.15.18 want: 0.15.18
128 silly placeDep ROOT esbuild-linux-arm@0.15.18 OK for: esbuild@0.15.18 want: 0.15.18
129 silly placeDep ROOT esbuild-linux-arm64@0.15.18 OK for: esbuild@0.15.18 want: 0.15.18
130 silly placeDep ROOT esbuild-linux-mips64le@0.15.18 OK for: esbuild@0.15.18 want: 0.15.18
131 silly placeDep ROOT esbuild-linux-ppc64le@0.15.18 OK for: esbuild@0.15.18 want: 0.15.18
132 silly placeDep ROOT esbuild-linux-riscv64@0.15.18 OK for: esbuild@0.15.18 want: 0.15.18
133 silly placeDep ROOT esbuild-linux-s390x@0.15.18 OK for: esbuild@0.15.18 want: 0.15.18
134 silly placeDep ROOT esbuild-netbsd-64@0.15.18 OK for: esbuild@0.15.18 want: 0.15.18
135 silly placeDep ROOT esbuild-openbsd-64@0.15.18 OK for: esbuild@0.15.18 want: 0.15.18
136 silly placeDep ROOT esbuild-sunos-64@0.15.18 OK for: esbuild@0.15.18 want: 0.15.18
137 silly placeDep ROOT esbuild-windows-32@0.15.18 OK for: esbuild@0.15.18 want: 0.15.18
138 silly placeDep ROOT esbuild-windows-64@0.15.18 OK for: esbuild@0.15.18 want: 0.15.18
139 silly placeDep ROOT esbuild-windows-arm64@0.15.18 OK for: esbuild@0.15.18 want: 0.15.18
140 timing idealTree:node_modules/esbuild Completed in 127ms
141 timing idealTree:node_modules/@esbuild/android-arm Completed in 0ms
142 timing idealTree:node_modules/@esbuild/linux-loong64 Completed in 0ms
143 timing idealTree:node_modules/esbuild-android-64 Completed in 0ms
144 timing idealTree:node_modules/esbuild-android-arm64 Completed in 0ms
145 timing idealTree:node_modules/esbuild-darwin-64 Completed in 0ms
146 timing idealTree:node_modules/esbuild-darwin-arm64 Completed in 0ms
147 timing idealTree:node_modules/esbuild-freebsd-64 Completed in 0ms
148 timing idealTree:node_modules/esbuild-freebsd-arm64 Completed in 0ms
149 timing idealTree:node_modules/esbuild-linux-32 Completed in 0ms
150 timing idealTree:node_modules/esbuild-linux-64 Completed in 0ms
151 timing idealTree:node_modules/esbuild-linux-arm Completed in 0ms
152 timing idealTree:node_modules/esbuild-linux-arm64 Completed in 0ms
153 timing idealTree:node_modules/esbuild-linux-mips64le Completed in 0ms
154 timing idealTree:node_modules/esbuild-linux-ppc64le Completed in 0ms
155 timing idealTree:node_modules/esbuild-linux-riscv64 Completed in 0ms
156 timing idealTree:node_modules/esbuild-linux-s390x Completed in 0ms
157 timing idealTree:node_modules/esbuild-netbsd-64 Completed in 0ms
158 timing idealTree:node_modules/esbuild-openbsd-64 Completed in 0ms
159 timing idealTree:node_modules/esbuild-sunos-64 Completed in 0ms
160 timing idealTree:node_modules/esbuild-windows-32 Completed in 0ms
161 timing idealTree:node_modules/esbuild-windows-64 Completed in 0ms
162 timing idealTree:node_modules/esbuild-windows-arm64 Completed in 0ms
163 silly placeDep ROOT lru-cache@6.0.0 OK for: semver@7.5.4 want: ^6.0.0
164 silly fetch manifest yallist@^4.0.0
165 http fetch GET 200 https://registry.npmjs.org/yallist 141ms (cache miss)
166 timing idealTree:node_modules/semver Completed in 149ms
167 silly placeDep ROOT yallist@4.0.0 OK for: lru-cache@6.0.0 want: ^4.0.0
168 timing idealTree:node_modules/lru-cache Completed in 4ms
169 silly placeDep ROOT ansi-regex@6.0.1 OK for: strip-ansi@7.1.0 want: ^6.0.1
170 timing idealTree:node_modules/strip-ansi Completed in 4ms
171 timing idealTree:node_modules/ansi-regex Completed in 0ms
172 timing idealTree:node_modules/typescript Completed in 0ms
173 silly placeDep ROOT vscode-jsonrpc@8.1.0 OK for: vscode-languageserver-protocol@3.17.3 want: 8.1.0
174 silly placeDep ROOT vscode-languageserver-types@3.17.3 OK for: vscode-languageserver-protocol@3.17.3 want: 3.17.3
175 timing idealTree:node_modules/vscode-languageserver-protocol Completed in 6ms
176 timing idealTree:node_modules/vscode-jsonrpc Completed in 0ms
177 timing idealTree:node_modules/vscode-languageserver-types Completed in 0ms
178 silly placeDep ROOT isexe@2.0.0 OK for: which@2.0.2 want: ^2.0.0
179 timing idealTree:node_modules/which Completed in 3ms
180 timing idealTree:node_modules/isexe Completed in 0ms
181 timing idealTree:node_modules/yallist Completed in 0ms
182 timing idealTree:buildDeps Completed in 7766ms
183 timing idealTree:fixDepFlags Completed in 2ms
184 timing idealTree Completed in 7788ms
185 timing reify:loadTrees Completed in 7790ms
186 timing reify:diffTrees Completed in 6ms
187 silly reify moves {}
188 timing reify:retireShallow Completed in 0ms
189 timing reify:createSparse Completed in 15ms
190 silly reify mark deleted [
190 silly reify   '/home/ra/.config/coc/extensions/node_modules/coc-tsserver-348a89d6-c3f2-4483-a9c7-1274358cbbb7/node_modules/@types/node'
190 silly reify ]
191 silly reify mark deleted [
191 silly reify   '/home/ra/.config/coc/extensions/node_modules/coc-tsserver-348a89d6-c3f2-4483-a9c7-1274358cbbb7/node_modules/coc.nvim'
191 silly reify ]
192 silly reify mark deleted [
192 silly reify   '/home/ra/.config/coc/extensions/node_modules/coc-tsserver-348a89d6-c3f2-4483-a9c7-1274358cbbb7/node_modules/esbuild',
192 silly reify   '/home/ra/.config/coc/extensions/node_modules/coc-tsserver-348a89d6-c3f2-4483-a9c7-1274358cbbb7/node_modules/.bin/esbuild'
192 silly reify ]
193 silly reify mark deleted [
193 silly reify   '/home/ra/.config/coc/extensions/node_modules/coc-tsserver-348a89d6-c3f2-4483-a9c7-1274358cbbb7/node_modules/semver',
193 silly reify   '/home/ra/.config/coc/extensions/node_modules/coc-tsserver-348a89d6-c3f2-4483-a9c7-1274358cbbb7/node_modules/.bin/semver'
193 silly reify ]
194 silly reify mark deleted [
194 silly reify   '/home/ra/.config/coc/extensions/node_modules/coc-tsserver-348a89d6-c3f2-4483-a9c7-1274358cbbb7/node_modules/strip-ansi'
194 silly reify ]
195 silly reify mark deleted [
195 silly reify   '/home/ra/.config/coc/extensions/node_modules/coc-tsserver-348a89d6-c3f2-4483-a9c7-1274358cbbb7/node_modules/vscode-languageserver-protocol'
195 silly reify ]
196 silly reify mark deleted [
196 silly reify   '/home/ra/.config/coc/extensions/node_modules/coc-tsserver-348a89d6-c3f2-4483-a9c7-1274358cbbb7/node_modules/which',
196 silly reify   '/home/ra/.config/coc/extensions/node_modules/coc-tsserver-348a89d6-c3f2-4483-a9c7-1274358cbbb7/node_modules/.bin/node-which'
196 silly reify ]
197 silly reify mark deleted [
197 silly reify   '/home/ra/.config/coc/extensions/node_modules/coc-tsserver-348a89d6-c3f2-4483-a9c7-1274358cbbb7/node_modules/@esbuild/android-arm'
197 silly reify ]
198 silly reify mark deleted [
198 silly reify   '/home/ra/.config/coc/extensions/node_modules/coc-tsserver-348a89d6-c3f2-4483-a9c7-1274358cbbb7/node_modules/@esbuild/linux-loong64'
198 silly reify ]
199 silly reify mark deleted [
199 silly reify   '/home/ra/.config/coc/extensions/node_modules/coc-tsserver-348a89d6-c3f2-4483-a9c7-1274358cbbb7/node_modules/esbuild-android-64'
199 silly reify ]
200 silly reify mark deleted [
200 silly reify   '/home/ra/.config/coc/extensions/node_modules/coc-tsserver-348a89d6-c3f2-4483-a9c7-1274358cbbb7/node_modules/esbuild-android-arm64'
200 silly reify ]
201 silly reify mark deleted [
201 silly reify   '/home/ra/.config/coc/extensions/node_modules/coc-tsserver-348a89d6-c3f2-4483-a9c7-1274358cbbb7/node_modules/esbuild-darwin-64'
201 silly reify ]
202 silly reify mark deleted [
202 silly reify   '/home/ra/.config/coc/extensions/node_modules/coc-tsserver-348a89d6-c3f2-4483-a9c7-1274358cbbb7/node_modules/esbuild-darwin-arm64'
202 silly reify ]
203 silly reify mark deleted [
203 silly reify   '/home/ra/.config/coc/extensions/node_modules/coc-tsserver-348a89d6-c3f2-4483-a9c7-1274358cbbb7/node_modules/esbuild-freebsd-64'
203 silly reify ]
204 silly reify mark deleted [
204 silly reify   '/home/ra/.config/coc/extensions/node_modules/coc-tsserver-348a89d6-c3f2-4483-a9c7-1274358cbbb7/node_modules/esbuild-freebsd-arm64'
204 silly reify ]
205 silly reify mark deleted [
205 silly reify   '/home/ra/.config/coc/extensions/node_modules/coc-tsserver-348a89d6-c3f2-4483-a9c7-1274358cbbb7/node_modules/esbuild-linux-32'
205 silly reify ]
206 silly reify mark deleted [
206 silly reify   '/home/ra/.config/coc/extensions/node_modules/coc-tsserver-348a89d6-c3f2-4483-a9c7-1274358cbbb7/node_modules/esbuild-linux-64'
206 silly reify ]
207 silly reify mark deleted [
207 silly reify   '/home/ra/.config/coc/extensions/node_modules/coc-tsserver-348a89d6-c3f2-4483-a9c7-1274358cbbb7/node_modules/esbuild-linux-arm'
207 silly reify ]
208 silly reify mark deleted [
208 silly reify   '/home/ra/.config/coc/extensions/node_modules/coc-tsserver-348a89d6-c3f2-4483-a9c7-1274358cbbb7/node_modules/esbuild-linux-arm64'
208 silly reify ]
209 silly reify mark deleted [
209 silly reify   '/home/ra/.config/coc/extensions/node_modules/coc-tsserver-348a89d6-c3f2-4483-a9c7-1274358cbbb7/node_modules/esbuild-linux-mips64le'
209 silly reify ]
210 silly reify mark deleted [
210 silly reify   '/home/ra/.config/coc/extensions/node_modules/coc-tsserver-348a89d6-c3f2-4483-a9c7-1274358cbbb7/node_modules/esbuild-linux-ppc64le'
210 silly reify ]
211 silly reify mark deleted [
211 silly reify   '/home/ra/.config/coc/extensions/node_modules/coc-tsserver-348a89d6-c3f2-4483-a9c7-1274358cbbb7/node_modules/esbuild-linux-riscv64'
211 silly reify ]
212 silly reify mark deleted [
212 silly reify   '/home/ra/.config/coc/extensions/node_modules/coc-tsserver-348a89d6-c3f2-4483-a9c7-1274358cbbb7/node_modules/esbuild-linux-s390x'
212 silly reify ]
213 silly reify mark deleted [
213 silly reify   '/home/ra/.config/coc/extensions/node_modules/coc-tsserver-348a89d6-c3f2-4483-a9c7-1274358cbbb7/node_modules/esbuild-netbsd-64'
213 silly reify ]
214 silly reify mark deleted [
214 silly reify   '/home/ra/.config/coc/extensions/node_modules/coc-tsserver-348a89d6-c3f2-4483-a9c7-1274358cbbb7/node_modules/esbuild-openbsd-64'
214 silly reify ]
215 silly reify mark deleted [
215 silly reify   '/home/ra/.config/coc/extensions/node_modules/coc-tsserver-348a89d6-c3f2-4483-a9c7-1274358cbbb7/node_modules/esbuild-sunos-64'
215 silly reify ]
216 silly reify mark deleted [
216 silly reify   '/home/ra/.config/coc/extensions/node_modules/coc-tsserver-348a89d6-c3f2-4483-a9c7-1274358cbbb7/node_modules/esbuild-windows-32'
216 silly reify ]
217 silly reify mark deleted [
217 silly reify   '/home/ra/.config/coc/extensions/node_modules/coc-tsserver-348a89d6-c3f2-4483-a9c7-1274358cbbb7/node_modules/esbuild-windows-64'
217 silly reify ]
218 silly reify mark deleted [
218 silly reify   '/home/ra/.config/coc/extensions/node_modules/coc-tsserver-348a89d6-c3f2-4483-a9c7-1274358cbbb7/node_modules/esbuild-windows-arm64'
218 silly reify ]
219 silly reify mark deleted [
219 silly reify   '/home/ra/.config/coc/extensions/node_modules/coc-tsserver-348a89d6-c3f2-4483-a9c7-1274358cbbb7/node_modules/lru-cache'
219 silly reify ]
220 silly reify mark deleted [
220 silly reify   '/home/ra/.config/coc/extensions/node_modules/coc-tsserver-348a89d6-c3f2-4483-a9c7-1274358cbbb7/node_modules/yallist'
220 silly reify ]
221 silly reify mark deleted [
221 silly reify   '/home/ra/.config/coc/extensions/node_modules/coc-tsserver-348a89d6-c3f2-4483-a9c7-1274358cbbb7/node_modules/ansi-regex'
221 silly reify ]
222 silly reify mark deleted [
222 silly reify   '/home/ra/.config/coc/extensions/node_modules/coc-tsserver-348a89d6-c3f2-4483-a9c7-1274358cbbb7/node_modules/vscode-jsonrpc'
222 silly reify ]
223 silly reify mark deleted [
223 silly reify   '/home/ra/.config/coc/extensions/node_modules/coc-tsserver-348a89d6-c3f2-4483-a9c7-1274358cbbb7/node_modules/vscode-languageserver-types'
223 silly reify ]
224 silly reify mark deleted [
224 silly reify   '/home/ra/.config/coc/extensions/node_modules/coc-tsserver-348a89d6-c3f2-4483-a9c7-1274358cbbb7/node_modules/isexe'
224 silly reify ]
225 timing reify:trashOmits Completed in 21ms
226 timing reify:loadBundles Completed in 0ms
227 silly audit bulk request { typescript: [ '4.9.5' ] }
228 silly tarball no local data for typescript@https://registry.npmjs.org/typescript/-/typescript-4.9.5.tgz. Extracting by manifest.
229 http fetch POST 200 https://registry.npmjs.org/-/npm/v1/security/advisories/bulk 280ms
230 timing auditReport:getReport Completed in 283ms
231 silly audit report {}
232 timing auditReport:init Completed in 0ms
233 timing reify:audit Completed in 285ms
234 http fetch GET 200 https://registry.npmjs.org/typescript/-/typescript-4.9.5.tgz 9618ms (cache miss)
235 timing reifyNode:node_modules/typescript Completed in 9640ms
236 timing reify:unpack Completed in 9641ms
237 timing reify:unretire Completed in 0ms
238 timing build:queue Completed in 2ms
239 timing build:link:node_modules/typescript Completed in 2ms
240 timing build:link Completed in 2ms
241 timing build:deps Completed in 4ms
242 timing build Completed in 4ms
243 timing reify:build Completed in 5ms
244 timing reify:trash Completed in 3ms
245 timing reify:save Completed in 12ms
246 timing reify Completed in 17528ms
247 silly ADD
248 silly ADD
249 silly ADD
250 silly ADD
251 silly ADD
252 silly ADD
253 silly ADD
254 silly ADD
255 silly ADD
256 silly ADD
257 silly ADD
258 silly ADD
259 silly ADD
260 silly ADD
261 silly ADD
262 silly ADD
263 silly ADD
264 silly ADD
265 silly ADD
266 silly ADD
267 silly ADD
268 silly ADD
269 silly ADD
270 silly ADD
271 silly ADD
272 silly ADD
273 silly ADD
274 silly ADD
275 silly ADD
276 silly ADD
277 silly ADD node_modules/typescript
278 silly ADD
279 silly ADD
280 silly ADD
281 silly ADD
282 silly ADD
283 timing command:install Completed in 17537ms
284 verbose exit 0
285 timing npm Completed in 17837ms
286 info ok
