0 verbose cli /home/ra/.nvm/versions/node/v20.5.1/bin/node /home/ra/.nvm/versions/node/v20.5.1/bin/npm
1 info using npm@9.8.0
2 info using node@v20.5.1
3 timing npm:load:whichnode Completed in 6ms
4 timing config:load:defaults Completed in 4ms
5 timing config:load:file:/home/ra/.nvm/versions/node/v20.5.1/lib/node_modules/npm/npmrc Completed in 1ms
6 timing config:load:builtin Completed in 1ms
7 timing config:load:cli Completed in 6ms
8 timing config:load:env Completed in 0ms
9 timing config:load:file:/home/ra/.cache/typescript/4.9/.npmrc Completed in 0ms
10 timing config:load:project Completed in 6ms
11 timing config:load:file:/home/ra/.npmrc Completed in 0ms
12 timing config:load:user Completed in 1ms
13 timing config:load:file:/home/ra/.nvm/versions/node/v20.5.1/etc/npmrc Completed in 0ms
14 timing config:load:global Completed in 0ms
15 timing config:load:setEnvs Completed in 2ms
16 timing config:load Completed in 21ms
17 timing npm:load:configload Completed in 21ms
18 timing config:load:flatten Completed in 6ms
19 timing npm:load:mkdirpcache Completed in 0ms
20 timing npm:load:mkdirplogs Completed in 0ms
21 verbose title npm install types-registry@latest
22 verbose argv "install" "--ignore-scripts" "types-registry@latest"
23 timing npm:load:setTitle Completed in 2ms
24 timing npm:load:display Completed in 1ms
25 verbose logfile logs-max:10 dir:/home/ra/.npm/_logs/2023-08-15T02_13_58_285Z-
26 verbose logfile /home/ra/.npm/_logs/2023-08-15T02_13_58_285Z-debug-0.log
27 timing npm:load:logFile Completed in 18ms
28 timing npm:load:timers Completed in 0ms
29 timing npm:load:configScope Completed in 0ms
30 timing npm:load Completed in 77ms
31 timing arborist:ctor Completed in 0ms
32 silly logfile done cleaning log files
33 timing arborist:ctor Completed in 0ms
34 timing idealTree:init Completed in 15ms
35 http fetch GET 200 https://registry.npmjs.org/types-registry 503ms (cache miss)
36 timing idealTree:userRequests Completed in 517ms
37 silly idealTree buildDeps
38 silly fetch manifest types-registry@0.1.656
39 silly placeDep ROOT types-registry@0.1.656 OK for:  want: 0.1.656
40 timing idealTree:#root Completed in 10ms
41 timing idealTree:node_modules/types-registry Completed in 0ms
42 timing idealTree:buildDeps Completed in 11ms
43 timing idealTree:fixDepFlags Completed in 1ms
44 timing idealTree Completed in 545ms
45 timing reify:loadTrees Completed in 546ms
46 timing reify:diffTrees Completed in 1ms
47 silly reify moves {}
48 timing reify:retireShallow Completed in 2ms
49 timing reify:createSparse Completed in 1ms
50 timing reify:trashOmits Completed in 0ms
51 timing reify:loadBundles Completed in 0ms
52 silly audit bulk request { 'types-registry': [ '0.1.656' ] }
53 silly tarball no local data for types-registry@https://registry.npmjs.org/types-registry/-/types-registry-0.1.656.tgz. Extracting by manifest.
54 http fetch POST 200 https://registry.npmjs.org/-/npm/v1/security/advisories/bulk 100ms
55 timing auditReport:getReport Completed in 102ms
56 silly audit report {}
57 timing auditReport:init Completed in 0ms
58 timing reify:audit Completed in 104ms
59 http fetch GET 200 https://registry.npmjs.org/types-registry/-/types-registry-0.1.656.tgz 248ms (cache miss)
60 timing reifyNode:node_modules/types-registry Completed in 258ms
61 timing reify:unpack Completed in 259ms
62 timing reify:unretire Completed in 0ms
63 timing build:queue Completed in 1ms
64 timing build:deps Completed in 1ms
65 timing build Completed in 1ms
66 timing reify:build Completed in 2ms
67 timing reify:trash Completed in 0ms
68 timing reify:save Completed in 6ms
69 timing reify Completed in 838ms
70 silly ADD node_modules/types-registry
71 timing command:install Completed in 844ms
72 verbose exit 0
73 timing npm Completed in 1161ms
74 info ok
