0 verbose cli /home/ra/.nvm/versions/node/v20.5.1/bin/node /home/ra/.nvm/versions/node/v20.5.1/bin/npm
1 info using npm@9.8.0
2 info using node@v20.5.1
3 timing npm:load:whichnode Completed in 3ms
4 timing config:load:defaults Completed in 4ms
5 timing config:load:file:/home/ra/.nvm/versions/node/v20.5.1/lib/node_modules/npm/npmrc Completed in 2ms
6 timing config:load:builtin Completed in 2ms
7 timing config:load:cli Completed in 6ms
8 timing config:load:env Completed in 1ms
9 timing config:load:file:/home/ra/.config/coc/extensions/node_modules/coc-prettier-311511a0-5d79-42d2-86fb-67b1d08d28f9/.npmrc Completed in 0ms
10 timing config:load:project Completed in 13ms
11 timing config:load:file:/home/ra/.npmrc Completed in 0ms
12 timing config:load:user Completed in 1ms
13 timing config:load:file:/home/ra/.nvm/versions/node/v20.5.1/etc/npmrc Completed in 0ms
14 timing config:load:global Completed in 0ms
15 timing config:load:setEnvs Completed in 2ms
16 timing config:load Completed in 29ms
17 timing npm:load:configload Completed in 30ms
18 timing config:load:flatten Completed in 6ms
19 timing npm:load:mkdirpcache Completed in 9ms
20 timing npm:load:mkdirplogs Completed in 0ms
21 verbose title npm install
22 verbose argv "install" "--ignore-scripts" "--no-lockfile" "--omit" "dev" "--legacy-peer-deps" "--no-global"
23 timing npm:load:setTitle Completed in 2ms
24 timing npm:load:display Completed in 1ms
25 verbose logfile logs-max:10 dir:/home/ra/.npm/_logs/2023-08-15T02_13_39_094Z-
26 verbose logfile /home/ra/.npm/_logs/2023-08-15T02_13_39_094Z-debug-0.log
27 timing npm:load:logFile Completed in 15ms
28 timing npm:load:timers Completed in 0ms
29 timing npm:load:configScope Completed in 0ms
30 timing npm:load Completed in 92ms
31 timing arborist:ctor Completed in 1ms
32 silly logfile done cleaning log files
33 timing arborist:ctor Completed in 0ms
34 timing idealTree:init Completed in 18ms
35 timing idealTree:userRequests Completed in 0ms
36 silly idealTree buildDeps
37 silly fetch manifest prettier@^2.6.2
38 http fetch GET 200 https://registry.npmjs.org/prettier 386ms (cache miss)
39 silly fetch manifest @chemzqm/tsconfig@^0.0.3
40 http fetch GET 200 https://registry.npmjs.org/@chemzqm%2ftsconfig 639ms (cache miss)
41 silly fetch manifest @types/node@12.12.0
42 http fetch GET 200 https://registry.npmjs.org/@types%2fnode 1664ms (cache miss)
43 silly fetch manifest @types/semver@^7.3.9
44 http fetch GET 200 https://registry.npmjs.org/@types%2fsemver 86ms (cache miss)
45 silly fetch manifest coc.nvim@^0.0.81-next.24
46 http fetch GET 200 https://registry.npmjs.org/coc.nvim 378ms (cache miss)
47 silly fetch manifest esbuild@^0.14.38
48 http fetch GET 200 https://registry.npmjs.org/esbuild 661ms (cache miss)
49 silly fetch manifest find-up@^5.0.0
50 http fetch GET 200 https://registry.npmjs.org/find-up 72ms (cache miss)
51 silly fetch manifest ignore@^5.2.0
52 http fetch GET 200 https://registry.npmjs.org/ignore 319ms (cache miss)
53 silly fetch manifest resolve@^1.22.0
54 http fetch GET 200 https://registry.npmjs.org/resolve 149ms (cache miss)
55 silly fetch manifest rimraf@^3.0.2
56 http fetch GET 200 https://registry.npmjs.org/rimraf 116ms (cache miss)
57 silly fetch manifest semver@^7.3.7
58 http fetch GET 200 https://registry.npmjs.org/semver 23ms (cache hit)
59 silly fetch manifest typescript@^4.6.4
60 http fetch GET 200 https://registry.npmjs.org/typescript 90ms (cache hit)
61 silly placeDep ROOT @chemzqm/tsconfig@0.0.3 OK for: coc-prettier@9.3.1 want: ^0.0.3
62 silly placeDep ROOT @types/node@12.12.0 OK for: coc-prettier@9.3.1 want: 12.12.0
63 silly placeDep ROOT @types/semver@7.5.0 OK for: coc-prettier@9.3.1 want: ^7.3.9
64 silly placeDep ROOT coc.nvim@0.0.81 OK for: coc-prettier@9.3.1 want: ^0.0.81-next.24
65 silly placeDep ROOT esbuild@0.14.54 OK for: coc-prettier@9.3.1 want: ^0.14.38
66 silly fetch manifest @esbuild/linux-loong64@0.14.54
67 silly fetch manifest esbuild-android-64@0.14.54
68 silly fetch manifest esbuild-android-arm64@0.14.54
69 silly fetch manifest esbuild-darwin-64@0.14.54
70 silly fetch manifest esbuild-darwin-arm64@0.14.54
71 silly fetch manifest esbuild-freebsd-64@0.14.54
72 silly fetch manifest esbuild-freebsd-arm64@0.14.54
73 silly fetch manifest esbuild-linux-32@0.14.54
74 silly fetch manifest esbuild-linux-64@0.14.54
75 silly fetch manifest esbuild-linux-arm@0.14.54
76 silly fetch manifest esbuild-linux-arm64@0.14.54
77 silly fetch manifest esbuild-linux-mips64le@0.14.54
78 silly fetch manifest esbuild-linux-ppc64le@0.14.54
79 silly fetch manifest esbuild-linux-riscv64@0.14.54
80 silly fetch manifest esbuild-linux-s390x@0.14.54
81 silly fetch manifest esbuild-netbsd-64@0.14.54
82 silly fetch manifest esbuild-openbsd-64@0.14.54
83 silly fetch manifest esbuild-sunos-64@0.14.54
84 silly fetch manifest esbuild-windows-32@0.14.54
85 silly fetch manifest esbuild-windows-64@0.14.54
86 silly fetch manifest esbuild-windows-arm64@0.14.54
87 silly placeDep ROOT find-up@5.0.0 OK for: coc-prettier@9.3.1 want: ^5.0.0
88 silly fetch manifest locate-path@^6.0.0
89 silly fetch manifest path-exists@^4.0.0
90 silly placeDep ROOT ignore@5.2.4 OK for: coc-prettier@9.3.1 want: ^5.2.0
91 silly placeDep ROOT prettier@2.8.8 OK for: coc-prettier@9.3.1 want: ^2.6.2
92 silly placeDep ROOT resolve@1.22.4 OK for: coc-prettier@9.3.1 want: ^1.22.0
93 silly fetch manifest is-core-module@^2.13.0
94 silly fetch manifest path-parse@^1.0.7
95 silly fetch manifest supports-preserve-symlinks-flag@^1.0.0
96 silly placeDep ROOT rimraf@3.0.2 OK for: coc-prettier@9.3.1 want: ^3.0.2
97 silly fetch manifest glob@^7.1.3
98 silly placeDep ROOT semver@7.5.4 OK for: coc-prettier@9.3.1 want: ^7.3.7
99 silly fetch manifest lru-cache@^6.0.0
100 silly placeDep ROOT typescript@4.9.5 OK for: coc-prettier@9.3.1 want: ^4.6.4
101 http fetch GET 200 https://registry.npmjs.org/@esbuild%2flinux-loong64 111ms (cache hit)
102 http fetch GET 200 https://registry.npmjs.org/esbuild-linux-s390x 98ms (cache hit)
103 http fetch GET 200 https://registry.npmjs.org/esbuild-android-64 487ms (cache miss)
104 http fetch GET 200 https://registry.npmjs.org/esbuild-sunos-64 639ms (cache miss)
105 http fetch GET 200 https://registry.npmjs.org/esbuild-netbsd-64 930ms (cache miss)
106 http fetch GET 200 https://registry.npmjs.org/esbuild-windows-32 1046ms (cache miss)
107 http fetch GET 200 https://registry.npmjs.org/esbuild-android-arm64 1391ms (cache miss)
108 http fetch GET 200 https://registry.npmjs.org/esbuild-darwin-arm64 1407ms (cache miss)
109 http fetch GET 200 https://registry.npmjs.org/esbuild-windows-arm64 1440ms (cache miss)
110 http fetch GET 200 https://registry.npmjs.org/esbuild-linux-64 1607ms (cache miss)
111 http fetch GET 200 https://registry.npmjs.org/path-exists 1624ms (cache miss)
112 http fetch GET 200 https://registry.npmjs.org/locate-path 1629ms (cache miss)
113 http fetch GET 200 https://registry.npmjs.org/esbuild-linux-riscv64 1654ms (cache miss)
114 http fetch GET 200 https://registry.npmjs.org/esbuild-linux-arm 1667ms (cache miss)
115 http fetch GET 200 https://registry.npmjs.org/esbuild-freebsd-64 1677ms (cache miss)
116 http fetch GET 200 https://registry.npmjs.org/is-core-module 1657ms (cache miss)
117 http fetch GET 200 https://registry.npmjs.org/path-parse 1782ms (cache miss)
118 http fetch GET 200 https://registry.npmjs.org/supports-preserve-symlinks-flag 1867ms (cache miss)
119 http fetch GET 200 https://registry.npmjs.org/esbuild-windows-64 1888ms (cache miss)
120 http fetch GET 200 https://registry.npmjs.org/glob 1917ms (cache miss)
121 http fetch GET 200 https://registry.npmjs.org/esbuild-darwin-64 1961ms (cache miss)
122 http fetch GET 200 https://registry.npmjs.org/esbuild-linux-ppc64le 2006ms (cache miss)
123 http fetch GET 200 https://registry.npmjs.org/esbuild-linux-32 2061ms (cache miss)
124 http fetch GET 200 https://registry.npmjs.org/lru-cache 2051ms (cache miss)
125 http fetch GET 200 https://registry.npmjs.org/esbuild-linux-mips64le 2220ms (cache miss)
126 http fetch GET 200 https://registry.npmjs.org/esbuild-freebsd-arm64 2246ms (cache miss)
127 http fetch GET 200 https://registry.npmjs.org/esbuild-linux-arm64 2460ms (cache miss)
128 http fetch GET 200 https://registry.npmjs.org/esbuild-openbsd-64 2490ms (cache miss)
129 timing idealTree:#root Completed in 7484ms
130 timing idealTree:node_modules/@chemzqm/tsconfig Completed in 0ms
131 timing idealTree:node_modules/@types/node Completed in 0ms
132 timing idealTree:node_modules/@types/semver Completed in 0ms
133 timing idealTree:node_modules/coc.nvim Completed in 0ms
134 silly placeDep ROOT @esbuild/linux-loong64@0.14.54 OK for: esbuild@0.14.54 want: 0.14.54
135 silly placeDep ROOT esbuild-android-64@0.14.54 OK for: esbuild@0.14.54 want: 0.14.54
136 silly placeDep ROOT esbuild-android-arm64@0.14.54 OK for: esbuild@0.14.54 want: 0.14.54
137 silly placeDep ROOT esbuild-darwin-64@0.14.54 OK for: esbuild@0.14.54 want: 0.14.54
138 silly placeDep ROOT esbuild-darwin-arm64@0.14.54 OK for: esbuild@0.14.54 want: 0.14.54
139 silly placeDep ROOT esbuild-freebsd-64@0.14.54 OK for: esbuild@0.14.54 want: 0.14.54
140 silly placeDep ROOT esbuild-freebsd-arm64@0.14.54 OK for: esbuild@0.14.54 want: 0.14.54
141 silly placeDep ROOT esbuild-linux-32@0.14.54 OK for: esbuild@0.14.54 want: 0.14.54
142 silly placeDep ROOT esbuild-linux-64@0.14.54 OK for: esbuild@0.14.54 want: 0.14.54
143 silly placeDep ROOT esbuild-linux-arm@0.14.54 OK for: esbuild@0.14.54 want: 0.14.54
144 silly placeDep ROOT esbuild-linux-arm64@0.14.54 OK for: esbuild@0.14.54 want: 0.14.54
145 silly placeDep ROOT esbuild-linux-mips64le@0.14.54 OK for: esbuild@0.14.54 want: 0.14.54
146 silly placeDep ROOT esbuild-linux-ppc64le@0.14.54 OK for: esbuild@0.14.54 want: 0.14.54
147 silly placeDep ROOT esbuild-linux-riscv64@0.14.54 OK for: esbuild@0.14.54 want: 0.14.54
148 silly placeDep ROOT esbuild-linux-s390x@0.14.54 OK for: esbuild@0.14.54 want: 0.14.54
149 silly placeDep ROOT esbuild-netbsd-64@0.14.54 OK for: esbuild@0.14.54 want: 0.14.54
150 silly placeDep ROOT esbuild-openbsd-64@0.14.54 OK for: esbuild@0.14.54 want: 0.14.54
151 silly placeDep ROOT esbuild-sunos-64@0.14.54 OK for: esbuild@0.14.54 want: 0.14.54
152 silly placeDep ROOT esbuild-windows-32@0.14.54 OK for: esbuild@0.14.54 want: 0.14.54
153 silly placeDep ROOT esbuild-windows-64@0.14.54 OK for: esbuild@0.14.54 want: 0.14.54
154 silly placeDep ROOT esbuild-windows-arm64@0.14.54 OK for: esbuild@0.14.54 want: 0.14.54
155 timing idealTree:node_modules/esbuild Completed in 97ms
156 timing idealTree:node_modules/@esbuild/linux-loong64 Completed in 0ms
157 timing idealTree:node_modules/esbuild-android-64 Completed in 0ms
158 timing idealTree:node_modules/esbuild-android-arm64 Completed in 0ms
159 timing idealTree:node_modules/esbuild-darwin-64 Completed in 0ms
160 timing idealTree:node_modules/esbuild-darwin-arm64 Completed in 0ms
161 timing idealTree:node_modules/esbuild-freebsd-64 Completed in 0ms
162 timing idealTree:node_modules/esbuild-freebsd-arm64 Completed in 0ms
163 timing idealTree:node_modules/esbuild-linux-32 Completed in 0ms
164 timing idealTree:node_modules/esbuild-linux-64 Completed in 0ms
165 timing idealTree:node_modules/esbuild-linux-arm Completed in 0ms
166 timing idealTree:node_modules/esbuild-linux-arm64 Completed in 0ms
167 timing idealTree:node_modules/esbuild-linux-mips64le Completed in 0ms
168 timing idealTree:node_modules/esbuild-linux-ppc64le Completed in 0ms
169 timing idealTree:node_modules/esbuild-linux-riscv64 Completed in 0ms
170 timing idealTree:node_modules/esbuild-linux-s390x Completed in 0ms
171 timing idealTree:node_modules/esbuild-netbsd-64 Completed in 0ms
172 timing idealTree:node_modules/esbuild-openbsd-64 Completed in 0ms
173 timing idealTree:node_modules/esbuild-sunos-64 Completed in 0ms
174 timing idealTree:node_modules/esbuild-windows-32 Completed in 0ms
175 timing idealTree:node_modules/esbuild-windows-64 Completed in 0ms
176 timing idealTree:node_modules/esbuild-windows-arm64 Completed in 0ms
177 silly placeDep ROOT locate-path@6.0.0 OK for: find-up@5.0.0 want: ^6.0.0
178 silly fetch manifest p-locate@^5.0.0
179 silly placeDep ROOT path-exists@4.0.0 OK for: find-up@5.0.0 want: ^4.0.0
180 http fetch GET 200 https://registry.npmjs.org/p-locate 145ms (cache miss)
181 timing idealTree:node_modules/find-up Completed in 159ms
182 timing idealTree:node_modules/ignore Completed in 0ms
183 silly placeDep ROOT p-locate@5.0.0 OK for: locate-path@6.0.0 want: ^5.0.0
184 silly fetch manifest p-limit@^3.0.2
185 http fetch GET 200 https://registry.npmjs.org/p-limit 148ms (cache miss)
186 timing idealTree:node_modules/locate-path Completed in 159ms
187 silly placeDep ROOT p-limit@3.1.0 OK for: p-locate@5.0.0 want: ^3.0.2
188 silly fetch manifest yocto-queue@^0.1.0
189 http fetch GET 200 https://registry.npmjs.org/yocto-queue 74ms (cache miss)
190 timing idealTree:node_modules/p-locate Completed in 81ms
191 silly placeDep ROOT yocto-queue@0.1.0 OK for: p-limit@3.1.0 want: ^0.1.0
192 timing idealTree:node_modules/p-limit Completed in 4ms
193 timing idealTree:node_modules/path-exists Completed in 0ms
194 timing idealTree:node_modules/prettier Completed in 0ms
195 silly placeDep ROOT is-core-module@2.13.0 OK for: resolve@1.22.4 want: ^2.13.0
196 silly fetch manifest has@^1.0.3
197 silly placeDep ROOT path-parse@1.0.7 OK for: resolve@1.22.4 want: ^1.0.7
198 silly placeDep ROOT supports-preserve-symlinks-flag@1.0.0 OK for: resolve@1.22.4 want: ^1.0.0
199 http fetch GET 200 https://registry.npmjs.org/has 143ms (cache miss)
200 timing idealTree:node_modules/resolve Completed in 154ms
201 silly placeDep ROOT has@1.0.3 OK for: is-core-module@2.13.0 want: ^1.0.3
202 silly fetch manifest function-bind@^1.1.1
203 http fetch GET 200 https://registry.npmjs.org/function-bind 66ms (cache miss)
204 timing idealTree:node_modules/is-core-module Completed in 74ms
205 silly placeDep ROOT function-bind@1.1.1 OK for: has@1.0.3 want: ^1.1.1
206 timing idealTree:node_modules/has Completed in 4ms
207 timing idealTree:node_modules/function-bind Completed in 0ms
208 timing idealTree:node_modules/path-parse Completed in 0ms
209 silly placeDep ROOT glob@7.2.3 OK for: rimraf@3.0.2 want: ^7.1.3
210 silly fetch manifest fs.realpath@^1.0.0
211 silly fetch manifest inflight@^1.0.4
212 silly fetch manifest inherits@2
213 silly fetch manifest minimatch@^3.1.1
214 silly fetch manifest once@^1.3.0
215 silly fetch manifest path-is-absolute@^1.0.0
216 http fetch GET 200 https://registry.npmjs.org/minimatch 223ms (cache miss)
217 http fetch GET 200 https://registry.npmjs.org/inherits 238ms (cache miss)
218 http fetch GET 200 https://registry.npmjs.org/once 234ms (cache miss)
219 http fetch GET 200 https://registry.npmjs.org/inflight 244ms (cache miss)
220 http fetch GET 200 https://registry.npmjs.org/path-is-absolute 235ms (cache miss)
221 http fetch GET 200 https://registry.npmjs.org/fs.realpath 249ms (cache miss)
222 timing idealTree:node_modules/rimraf Completed in 256ms
223 silly placeDep ROOT fs.realpath@1.0.0 OK for: glob@7.2.3 want: ^1.0.0
224 silly placeDep ROOT inflight@1.0.6 OK for: glob@7.2.3 want: ^1.0.4
225 silly fetch manifest wrappy@1
226 silly placeDep ROOT inherits@2.0.4 OK for: glob@7.2.3 want: 2
227 silly placeDep ROOT minimatch@3.1.2 OK for: glob@7.2.3 want: ^3.1.1
228 silly fetch manifest brace-expansion@^1.1.7
229 silly placeDep ROOT once@1.4.0 OK for: glob@7.2.3 want: ^1.3.0
230 silly placeDep ROOT path-is-absolute@1.0.1 OK for: glob@7.2.3 want: ^1.0.0
231 http fetch GET 200 https://registry.npmjs.org/wrappy 472ms (cache miss)
232 http fetch GET 200 https://registry.npmjs.org/brace-expansion 467ms (cache miss)
233 timing idealTree:node_modules/glob Completed in 492ms
234 timing idealTree:node_modules/fs.realpath Completed in 0ms
235 silly placeDep ROOT wrappy@1.0.2 OK for: inflight@1.0.6 want: 1
236 timing idealTree:node_modules/inflight Completed in 4ms
237 timing idealTree:node_modules/inherits Completed in 1ms
238 silly placeDep ROOT brace-expansion@1.1.11 OK for: minimatch@3.1.2 want: ^1.1.7
239 silly fetch manifest balanced-match@^1.0.0
240 silly fetch manifest concat-map@0.0.1
241 http fetch GET 200 https://registry.npmjs.org/concat-map 134ms (cache miss)
242 http fetch GET 200 https://registry.npmjs.org/balanced-match 141ms (cache miss)
243 timing idealTree:node_modules/minimatch Completed in 149ms
244 silly placeDep ROOT balanced-match@1.0.2 OK for: brace-expansion@1.1.11 want: ^1.0.0
245 silly placeDep ROOT concat-map@0.0.1 OK for: brace-expansion@1.1.11 want: 0.0.1
246 timing idealTree:node_modules/brace-expansion Completed in 7ms
247 timing idealTree:node_modules/balanced-match Completed in 0ms
248 timing idealTree:node_modules/concat-map Completed in 0ms
249 timing idealTree:node_modules/once Completed in 0ms
250 timing idealTree:node_modules/path-is-absolute Completed in 0ms
251 silly placeDep ROOT lru-cache@6.0.0 OK for: semver@7.5.4 want: ^6.0.0
252 silly fetch manifest yallist@^4.0.0
253 http fetch GET 200 https://registry.npmjs.org/yallist 11ms (cache hit)
254 timing idealTree:node_modules/semver Completed in 18ms
255 silly placeDep ROOT yallist@4.0.0 OK for: lru-cache@6.0.0 want: ^4.0.0
256 timing idealTree:node_modules/lru-cache Completed in 3ms
257 timing idealTree:node_modules/supports-preserve-symlinks-flag Completed in 0ms
258 timing idealTree:node_modules/typescript Completed in 0ms
259 timing idealTree:node_modules/wrappy Completed in 0ms
260 timing idealTree:node_modules/yallist Completed in 0ms
261 timing idealTree:node_modules/yocto-queue Completed in 0ms
262 timing idealTree:buildDeps Completed in 9161ms
263 timing idealTree:fixDepFlags Completed in 3ms
264 timing idealTree Completed in 9185ms
265 timing reify:loadTrees Completed in 9187ms
266 timing reify:diffTrees Completed in 6ms
267 silly reify moves {}
268 timing reify:retireShallow Completed in 1ms
269 timing reify:createSparse Completed in 20ms
270 silly reify mark deleted [
270 silly reify   '/home/ra/.config/coc/extensions/node_modules/coc-prettier-311511a0-5d79-42d2-86fb-67b1d08d28f9/node_modules/@chemzqm/tsconfig'
270 silly reify ]
271 silly reify mark deleted [
271 silly reify   '/home/ra/.config/coc/extensions/node_modules/coc-prettier-311511a0-5d79-42d2-86fb-67b1d08d28f9/node_modules/@types/node'
271 silly reify ]
272 silly reify mark deleted [
272 silly reify   '/home/ra/.config/coc/extensions/node_modules/coc-prettier-311511a0-5d79-42d2-86fb-67b1d08d28f9/node_modules/@types/semver'
272 silly reify ]
273 silly reify mark deleted [
273 silly reify   '/home/ra/.config/coc/extensions/node_modules/coc-prettier-311511a0-5d79-42d2-86fb-67b1d08d28f9/node_modules/coc.nvim'
273 silly reify ]
274 silly reify mark deleted [
274 silly reify   '/home/ra/.config/coc/extensions/node_modules/coc-prettier-311511a0-5d79-42d2-86fb-67b1d08d28f9/node_modules/esbuild',
274 silly reify   '/home/ra/.config/coc/extensions/node_modules/coc-prettier-311511a0-5d79-42d2-86fb-67b1d08d28f9/node_modules/.bin/esbuild'
274 silly reify ]
275 silly reify mark deleted [
275 silly reify   '/home/ra/.config/coc/extensions/node_modules/coc-prettier-311511a0-5d79-42d2-86fb-67b1d08d28f9/node_modules/find-up'
275 silly reify ]
276 silly reify mark deleted [
276 silly reify   '/home/ra/.config/coc/extensions/node_modules/coc-prettier-311511a0-5d79-42d2-86fb-67b1d08d28f9/node_modules/ignore'
276 silly reify ]
277 silly reify mark deleted [
277 silly reify   '/home/ra/.config/coc/extensions/node_modules/coc-prettier-311511a0-5d79-42d2-86fb-67b1d08d28f9/node_modules/resolve',
277 silly reify   '/home/ra/.config/coc/extensions/node_modules/coc-prettier-311511a0-5d79-42d2-86fb-67b1d08d28f9/node_modules/.bin/resolve'
277 silly reify ]
278 silly reify mark deleted [
278 silly reify   '/home/ra/.config/coc/extensions/node_modules/coc-prettier-311511a0-5d79-42d2-86fb-67b1d08d28f9/node_modules/rimraf',
278 silly reify   '/home/ra/.config/coc/extensions/node_modules/coc-prettier-311511a0-5d79-42d2-86fb-67b1d08d28f9/node_modules/.bin/rimraf'
278 silly reify ]
279 silly reify mark deleted [
279 silly reify   '/home/ra/.config/coc/extensions/node_modules/coc-prettier-311511a0-5d79-42d2-86fb-67b1d08d28f9/node_modules/semver',
279 silly reify   '/home/ra/.config/coc/extensions/node_modules/coc-prettier-311511a0-5d79-42d2-86fb-67b1d08d28f9/node_modules/.bin/semver'
279 silly reify ]
280 silly reify mark deleted [
280 silly reify   '/home/ra/.config/coc/extensions/node_modules/coc-prettier-311511a0-5d79-42d2-86fb-67b1d08d28f9/node_modules/typescript',
280 silly reify   '/home/ra/.config/coc/extensions/node_modules/coc-prettier-311511a0-5d79-42d2-86fb-67b1d08d28f9/node_modules/.bin/tsc',
280 silly reify   '/home/ra/.config/coc/extensions/node_modules/coc-prettier-311511a0-5d79-42d2-86fb-67b1d08d28f9/node_modules/.bin/tsserver'
280 silly reify ]
281 silly reify mark deleted [
281 silly reify   '/home/ra/.config/coc/extensions/node_modules/coc-prettier-311511a0-5d79-42d2-86fb-67b1d08d28f9/node_modules/@esbuild/linux-loong64'
281 silly reify ]
282 silly reify mark deleted [
282 silly reify   '/home/ra/.config/coc/extensions/node_modules/coc-prettier-311511a0-5d79-42d2-86fb-67b1d08d28f9/node_modules/esbuild-android-64'
282 silly reify ]
283 silly reify mark deleted [
283 silly reify   '/home/ra/.config/coc/extensions/node_modules/coc-prettier-311511a0-5d79-42d2-86fb-67b1d08d28f9/node_modules/esbuild-android-arm64'
283 silly reify ]
284 silly reify mark deleted [
284 silly reify   '/home/ra/.config/coc/extensions/node_modules/coc-prettier-311511a0-5d79-42d2-86fb-67b1d08d28f9/node_modules/esbuild-darwin-64'
284 silly reify ]
285 silly reify mark deleted [
285 silly reify   '/home/ra/.config/coc/extensions/node_modules/coc-prettier-311511a0-5d79-42d2-86fb-67b1d08d28f9/node_modules/esbuild-darwin-arm64'
285 silly reify ]
286 silly reify mark deleted [
286 silly reify   '/home/ra/.config/coc/extensions/node_modules/coc-prettier-311511a0-5d79-42d2-86fb-67b1d08d28f9/node_modules/esbuild-freebsd-64'
286 silly reify ]
287 silly reify mark deleted [
287 silly reify   '/home/ra/.config/coc/extensions/node_modules/coc-prettier-311511a0-5d79-42d2-86fb-67b1d08d28f9/node_modules/esbuild-freebsd-arm64'
287 silly reify ]
288 silly reify mark deleted [
288 silly reify   '/home/ra/.config/coc/extensions/node_modules/coc-prettier-311511a0-5d79-42d2-86fb-67b1d08d28f9/node_modules/esbuild-linux-32'
288 silly reify ]
289 silly reify mark deleted [
289 silly reify   '/home/ra/.config/coc/extensions/node_modules/coc-prettier-311511a0-5d79-42d2-86fb-67b1d08d28f9/node_modules/esbuild-linux-64'
289 silly reify ]
290 silly reify mark deleted [
290 silly reify   '/home/ra/.config/coc/extensions/node_modules/coc-prettier-311511a0-5d79-42d2-86fb-67b1d08d28f9/node_modules/esbuild-linux-arm'
290 silly reify ]
291 silly reify mark deleted [
291 silly reify   '/home/ra/.config/coc/extensions/node_modules/coc-prettier-311511a0-5d79-42d2-86fb-67b1d08d28f9/node_modules/esbuild-linux-arm64'
291 silly reify ]
292 silly reify mark deleted [
292 silly reify   '/home/ra/.config/coc/extensions/node_modules/coc-prettier-311511a0-5d79-42d2-86fb-67b1d08d28f9/node_modules/esbuild-linux-mips64le'
292 silly reify ]
293 silly reify mark deleted [
293 silly reify   '/home/ra/.config/coc/extensions/node_modules/coc-prettier-311511a0-5d79-42d2-86fb-67b1d08d28f9/node_modules/esbuild-linux-ppc64le'
293 silly reify ]
294 silly reify mark deleted [
294 silly reify   '/home/ra/.config/coc/extensions/node_modules/coc-prettier-311511a0-5d79-42d2-86fb-67b1d08d28f9/node_modules/esbuild-linux-riscv64'
294 silly reify ]
295 silly reify mark deleted [
295 silly reify   '/home/ra/.config/coc/extensions/node_modules/coc-prettier-311511a0-5d79-42d2-86fb-67b1d08d28f9/node_modules/esbuild-linux-s390x'
295 silly reify ]
296 silly reify mark deleted [
296 silly reify   '/home/ra/.config/coc/extensions/node_modules/coc-prettier-311511a0-5d79-42d2-86fb-67b1d08d28f9/node_modules/esbuild-netbsd-64'
296 silly reify ]
297 silly reify mark deleted [
297 silly reify   '/home/ra/.config/coc/extensions/node_modules/coc-prettier-311511a0-5d79-42d2-86fb-67b1d08d28f9/node_modules/esbuild-openbsd-64'
297 silly reify ]
298 silly reify mark deleted [
298 silly reify   '/home/ra/.config/coc/extensions/node_modules/coc-prettier-311511a0-5d79-42d2-86fb-67b1d08d28f9/node_modules/esbuild-sunos-64'
298 silly reify ]
299 silly reify mark deleted [
299 silly reify   '/home/ra/.config/coc/extensions/node_modules/coc-prettier-311511a0-5d79-42d2-86fb-67b1d08d28f9/node_modules/esbuild-windows-32'
299 silly reify ]
300 silly reify mark deleted [
300 silly reify   '/home/ra/.config/coc/extensions/node_modules/coc-prettier-311511a0-5d79-42d2-86fb-67b1d08d28f9/node_modules/esbuild-windows-64'
300 silly reify ]
301 silly reify mark deleted [
301 silly reify   '/home/ra/.config/coc/extensions/node_modules/coc-prettier-311511a0-5d79-42d2-86fb-67b1d08d28f9/node_modules/esbuild-windows-arm64'
301 silly reify ]
302 silly reify mark deleted [
302 silly reify   '/home/ra/.config/coc/extensions/node_modules/coc-prettier-311511a0-5d79-42d2-86fb-67b1d08d28f9/node_modules/locate-path'
302 silly reify ]
303 silly reify mark deleted [
303 silly reify   '/home/ra/.config/coc/extensions/node_modules/coc-prettier-311511a0-5d79-42d2-86fb-67b1d08d28f9/node_modules/path-exists'
303 silly reify ]
304 silly reify mark deleted [
304 silly reify   '/home/ra/.config/coc/extensions/node_modules/coc-prettier-311511a0-5d79-42d2-86fb-67b1d08d28f9/node_modules/p-locate'
304 silly reify ]
305 silly reify mark deleted [
305 silly reify   '/home/ra/.config/coc/extensions/node_modules/coc-prettier-311511a0-5d79-42d2-86fb-67b1d08d28f9/node_modules/p-limit'
305 silly reify ]
306 silly reify mark deleted [
306 silly reify   '/home/ra/.config/coc/extensions/node_modules/coc-prettier-311511a0-5d79-42d2-86fb-67b1d08d28f9/node_modules/yocto-queue'
306 silly reify ]
307 silly reify mark deleted [
307 silly reify   '/home/ra/.config/coc/extensions/node_modules/coc-prettier-311511a0-5d79-42d2-86fb-67b1d08d28f9/node_modules/is-core-module'
307 silly reify ]
308 silly reify mark deleted [
308 silly reify   '/home/ra/.config/coc/extensions/node_modules/coc-prettier-311511a0-5d79-42d2-86fb-67b1d08d28f9/node_modules/path-parse'
308 silly reify ]
309 silly reify mark deleted [
309 silly reify   '/home/ra/.config/coc/extensions/node_modules/coc-prettier-311511a0-5d79-42d2-86fb-67b1d08d28f9/node_modules/supports-preserve-symlinks-flag'
309 silly reify ]
310 silly reify mark deleted [
310 silly reify   '/home/ra/.config/coc/extensions/node_modules/coc-prettier-311511a0-5d79-42d2-86fb-67b1d08d28f9/node_modules/has'
310 silly reify ]
311 silly reify mark deleted [
311 silly reify   '/home/ra/.config/coc/extensions/node_modules/coc-prettier-311511a0-5d79-42d2-86fb-67b1d08d28f9/node_modules/function-bind'
311 silly reify ]
312 silly reify mark deleted [
312 silly reify   '/home/ra/.config/coc/extensions/node_modules/coc-prettier-311511a0-5d79-42d2-86fb-67b1d08d28f9/node_modules/glob'
312 silly reify ]
313 silly reify mark deleted [
313 silly reify   '/home/ra/.config/coc/extensions/node_modules/coc-prettier-311511a0-5d79-42d2-86fb-67b1d08d28f9/node_modules/fs.realpath'
313 silly reify ]
314 silly reify mark deleted [
314 silly reify   '/home/ra/.config/coc/extensions/node_modules/coc-prettier-311511a0-5d79-42d2-86fb-67b1d08d28f9/node_modules/inflight'
314 silly reify ]
315 silly reify mark deleted [
315 silly reify   '/home/ra/.config/coc/extensions/node_modules/coc-prettier-311511a0-5d79-42d2-86fb-67b1d08d28f9/node_modules/inherits'
315 silly reify ]
316 silly reify mark deleted [
316 silly reify   '/home/ra/.config/coc/extensions/node_modules/coc-prettier-311511a0-5d79-42d2-86fb-67b1d08d28f9/node_modules/minimatch'
316 silly reify ]
317 silly reify mark deleted [
317 silly reify   '/home/ra/.config/coc/extensions/node_modules/coc-prettier-311511a0-5d79-42d2-86fb-67b1d08d28f9/node_modules/once'
317 silly reify ]
318 silly reify mark deleted [
318 silly reify   '/home/ra/.config/coc/extensions/node_modules/coc-prettier-311511a0-5d79-42d2-86fb-67b1d08d28f9/node_modules/path-is-absolute'
318 silly reify ]
319 silly reify mark deleted [
319 silly reify   '/home/ra/.config/coc/extensions/node_modules/coc-prettier-311511a0-5d79-42d2-86fb-67b1d08d28f9/node_modules/wrappy'
319 silly reify ]
320 silly reify mark deleted [
320 silly reify   '/home/ra/.config/coc/extensions/node_modules/coc-prettier-311511a0-5d79-42d2-86fb-67b1d08d28f9/node_modules/brace-expansion'
320 silly reify ]
321 silly reify mark deleted [
321 silly reify   '/home/ra/.config/coc/extensions/node_modules/coc-prettier-311511a0-5d79-42d2-86fb-67b1d08d28f9/node_modules/balanced-match'
321 silly reify ]
322 silly reify mark deleted [
322 silly reify   '/home/ra/.config/coc/extensions/node_modules/coc-prettier-311511a0-5d79-42d2-86fb-67b1d08d28f9/node_modules/concat-map'
322 silly reify ]
323 silly reify mark deleted [
323 silly reify   '/home/ra/.config/coc/extensions/node_modules/coc-prettier-311511a0-5d79-42d2-86fb-67b1d08d28f9/node_modules/lru-cache'
323 silly reify ]
324 silly reify mark deleted [
324 silly reify   '/home/ra/.config/coc/extensions/node_modules/coc-prettier-311511a0-5d79-42d2-86fb-67b1d08d28f9/node_modules/yallist'
324 silly reify ]
325 timing reify:trashOmits Completed in 23ms
326 timing reify:loadBundles Completed in 0ms
327 silly audit bulk request { prettier: [ '2.8.8' ] }
328 silly tarball no local data for prettier@https://registry.npmjs.org/prettier/-/prettier-2.8.8.tgz. Extracting by manifest.
329 http fetch POST 200 https://registry.npmjs.org/-/npm/v1/security/advisories/bulk 264ms
330 timing auditReport:getReport Completed in 268ms
331 silly audit report {}
332 timing auditReport:init Completed in 0ms
333 timing reify:audit Completed in 271ms
334 http fetch GET 200 https://registry.npmjs.org/prettier/-/prettier-2.8.8.tgz 1367ms (cache miss)
335 timing reifyNode:node_modules/prettier Completed in 1388ms
336 timing reify:unpack Completed in 1390ms
337 timing reify:unretire Completed in 1ms
338 timing build:queue Completed in 8ms
339 timing build:link:node_modules/prettier Completed in 11ms
340 timing build:link Completed in 13ms
341 timing build:deps Completed in 22ms
342 timing build Completed in 23ms
343 timing reify:build Completed in 24ms
344 timing reify:trash Completed in 13ms
345 timing reify:save Completed in 95ms
346 timing reify Completed in 10804ms
347 silly ADD
348 silly ADD
349 silly ADD
350 silly ADD
351 silly ADD
352 silly ADD
353 silly ADD
354 silly ADD
355 silly ADD
356 silly ADD
357 silly ADD
358 silly ADD
359 silly ADD
360 silly ADD
361 silly ADD
362 silly ADD
363 silly ADD
364 silly ADD
365 silly ADD
366 silly ADD
367 silly ADD
368 silly ADD
369 silly ADD
370 silly ADD
371 silly ADD
372 silly ADD
373 silly ADD
374 silly ADD
375 silly ADD
376 silly ADD
377 silly ADD
378 silly ADD
379 silly ADD
380 silly ADD
381 silly ADD
382 silly ADD
383 silly ADD
384 silly ADD
385 silly ADD
386 silly ADD
387 silly ADD
388 silly ADD
389 silly ADD
390 silly ADD
391 silly ADD
392 silly ADD
393 silly ADD
394 silly ADD
395 silly ADD node_modules/prettier
396 silly ADD
397 silly ADD
398 silly ADD
399 silly ADD
400 silly ADD
401 silly ADD
402 silly ADD
403 timing command:install Completed in 10823ms
404 verbose exit 0
405 timing npm Completed in 11131ms
406 info ok
