0 verbose cli /home/ra/.nvm/versions/node/v20.5.1/bin/node /home/ra/.nvm/versions/node/v20.5.1/bin/npm
1 info using npm@9.8.0
2 info using node@v20.5.1
3 timing npm:load:whichnode Completed in 1ms
4 timing config:load:defaults Completed in 2ms
5 timing config:load:file:/home/ra/.nvm/versions/node/v20.5.1/lib/node_modules/npm/npmrc Completed in 1ms
6 timing config:load:builtin Completed in 1ms
7 timing config:load:cli Completed in 3ms
8 timing config:load:env Completed in 1ms
9 timing config:load:project Completed in 3ms
10 timing config:load:file:/home/ra/.npmrc Completed in 0ms
11 timing config:load:user Completed in 0ms
12 timing config:load:file:/home/ra/.nvm/versions/node/v20.5.1/etc/npmrc Completed in 0ms
13 timing config:load:global Completed in 0ms
14 timing config:load:setEnvs Completed in 1ms
15 timing config:load Completed in 12ms
16 timing npm:load:configload Completed in 12ms
17 timing config:load:flatten Completed in 3ms
18 timing npm:load:mkdirpcache Completed in 0ms
19 timing npm:load:mkdirplogs Completed in 0ms
20 verbose title npm install rome
21 verbose argv "install" "--global" "rome"
22 timing npm:load:setTitle Completed in 1ms
23 timing npm:load:display Completed in 1ms
24 verbose logfile logs-max:10 dir:/home/ra/.npm/_logs/2023-08-15T02_12_17_080Z-
25 verbose logfile /home/ra/.npm/_logs/2023-08-15T02_12_17_080Z-debug-0.log
26 timing npm:load:logFile Completed in 10ms
27 timing npm:load:timers Completed in 0ms
28 timing npm:load:configScope Completed in 0ms
29 timing npm:load Completed in 44ms
30 timing config:load:flatten Completed in 0ms
31 timing arborist:ctor Completed in 1ms
32 silly logfile done cleaning log files
33 timing idealTree:init Completed in 9ms
34 timing idealTree:userRequests Completed in 2ms
35 silly idealTree buildDeps
36 silly fetch manifest rome@*
37 http fetch GET 200 https://registry.npmjs.org/rome 626ms (cache miss)
38 silly placeDep ROOT rome@12.1.3 OK for:  want: *
39 silly fetch manifest @rometools/cli-win32-x64@12.1.3
40 silly fetch manifest @rometools/cli-win32-arm64@12.1.3
41 silly fetch manifest @rometools/cli-darwin-x64@12.1.3
42 silly fetch manifest @rometools/cli-darwin-arm64@12.1.3
43 silly fetch manifest @rometools/cli-linux-x64@12.1.3
44 silly fetch manifest @rometools/cli-linux-arm64@12.1.3
45 http fetch GET 200 https://registry.npmjs.org/npm 812ms (cache miss)
46 http fetch GET 200 https://registry.npmjs.org/@rometools%2fcli-darwin-arm64 456ms (cache miss)
47 http fetch GET 200 https://registry.npmjs.org/@rometools%2fcli-win32-x64 672ms (cache miss)
48 http fetch GET 200 https://registry.npmjs.org/@rometools%2fcli-darwin-x64 691ms (cache miss)
49 http fetch GET 200 https://registry.npmjs.org/@rometools%2fcli-win32-arm64 765ms (cache miss)
50 http fetch GET 200 https://registry.npmjs.org/@rometools%2fcli-linux-x64 1007ms (cache miss)
51 http fetch GET 200 https://registry.npmjs.org/@rometools%2fcli-linux-arm64 1038ms (cache miss)
52 timing idealTree:#root Completed in 1683ms
53 silly placeDep node_modules/rome @rometools/cli-darwin-arm64@12.1.3 OK for: rome@12.1.3 want: 12.1.3
54 silly placeDep node_modules/rome @rometools/cli-darwin-x64@12.1.3 OK for: rome@12.1.3 want: 12.1.3
55 silly placeDep node_modules/rome @rometools/cli-linux-arm64@12.1.3 OK for: rome@12.1.3 want: 12.1.3
56 silly placeDep node_modules/rome @rometools/cli-linux-x64@12.1.3 OK for: rome@12.1.3 want: 12.1.3
57 silly placeDep node_modules/rome @rometools/cli-win32-arm64@12.1.3 OK for: rome@12.1.3 want: 12.1.3
58 silly placeDep node_modules/rome @rometools/cli-win32-x64@12.1.3 OK for: rome@12.1.3 want: 12.1.3
59 timing idealTree:node_modules/rome Completed in 32ms
60 timing idealTree:node_modules/rome/node_modules/@rometools/cli-darwin-arm64 Completed in 0ms
61 timing idealTree:node_modules/rome/node_modules/@rometools/cli-darwin-x64 Completed in 0ms
62 timing idealTree:node_modules/rome/node_modules/@rometools/cli-linux-arm64 Completed in 0ms
63 timing idealTree:node_modules/rome/node_modules/@rometools/cli-linux-x64 Completed in 0ms
64 timing idealTree:node_modules/rome/node_modules/@rometools/cli-win32-arm64 Completed in 0ms
65 timing idealTree:node_modules/rome/node_modules/@rometools/cli-win32-x64 Completed in 0ms
66 timing idealTree:buildDeps Completed in 1719ms
67 timing idealTree:fixDepFlags Completed in 3ms
68 timing idealTree Completed in 1735ms
69 timing reify:loadTrees Completed in 1743ms
70 timing reify:diffTrees Completed in 5ms
71 silly reify moves {}
72 timing reify:retireShallow Completed in 3ms
73 timing reify:createSparse Completed in 15ms
74 timing reify:loadBundles Completed in 0ms
75 verbose reify failed optional dependency /home/ra/.nvm/versions/node/v20.5.1/lib/node_modules/rome/node_modules/@rometools/cli-win32-x64
76 silly reify mark deleted [
76 silly reify   '/home/ra/.nvm/versions/node/v20.5.1/lib/node_modules/rome/node_modules/@rometools/cli-win32-x64'
76 silly reify ]
77 verbose reify failed optional dependency /home/ra/.nvm/versions/node/v20.5.1/lib/node_modules/rome/node_modules/@rometools/cli-win32-arm64
78 silly reify mark deleted [
78 silly reify   '/home/ra/.nvm/versions/node/v20.5.1/lib/node_modules/rome/node_modules/@rometools/cli-win32-arm64'
78 silly reify ]
79 verbose reify failed optional dependency /home/ra/.nvm/versions/node/v20.5.1/lib/node_modules/rome/node_modules/@rometools/cli-linux-arm64
80 silly reify mark deleted [
80 silly reify   '/home/ra/.nvm/versions/node/v20.5.1/lib/node_modules/rome/node_modules/@rometools/cli-linux-arm64'
80 silly reify ]
81 verbose reify failed optional dependency /home/ra/.nvm/versions/node/v20.5.1/lib/node_modules/rome/node_modules/@rometools/cli-darwin-x64
82 silly reify mark deleted [
82 silly reify   '/home/ra/.nvm/versions/node/v20.5.1/lib/node_modules/rome/node_modules/@rometools/cli-darwin-x64'
82 silly reify ]
83 verbose reify failed optional dependency /home/ra/.nvm/versions/node/v20.5.1/lib/node_modules/rome/node_modules/@rometools/cli-darwin-arm64
84 silly reify mark deleted [
84 silly reify   '/home/ra/.nvm/versions/node/v20.5.1/lib/node_modules/rome/node_modules/@rometools/cli-darwin-arm64'
84 silly reify ]
85 timing reifyNode:node_modules/rome/node_modules/@rometools/cli-win32-x64 Completed in 14ms
86 timing reifyNode:node_modules/rome/node_modules/@rometools/cli-win32-arm64 Completed in 14ms
87 timing reifyNode:node_modules/rome/node_modules/@rometools/cli-linux-arm64 Completed in 13ms
88 timing reifyNode:node_modules/rome/node_modules/@rometools/cli-darwin-x64 Completed in 12ms
89 timing reifyNode:node_modules/rome/node_modules/@rometools/cli-darwin-arm64 Completed in 12ms
90 silly tarball no local data for @rometools/cli-linux-x64@https://registry.npmjs.org/@rometools/cli-linux-x64/-/cli-linux-x64-12.1.3.tgz. Extracting by manifest.
91 silly tarball no local data for rome@https://registry.npmjs.org/rome/-/rome-12.1.3.tgz. Extracting by manifest.
92 http fetch GET 200 https://registry.npmjs.org/rome/-/rome-12.1.3.tgz 112ms (cache miss)
93 timing reifyNode:node_modules/rome Completed in 143ms
94 http fetch GET 200 https://registry.npmjs.org/@rometools/cli-linux-x64/-/cli-linux-x64-12.1.3.tgz 1153ms (cache miss)
95 timing reifyNode:node_modules/rome/node_modules/@rometools/cli-linux-x64 Completed in 1179ms
96 timing reify:unpack Completed in 1182ms
97 timing reify:unretire Completed in 0ms
98 timing build:queue Completed in 1ms
99 timing build:link:node_modules/rome Completed in 1ms
100 timing build:link Completed in 2ms
101 info run rome@12.1.3 postinstall node_modules/rome node scripts/postinstall.js
102 info run rome@12.1.3 postinstall { code: 0, signal: null }
103 timing build:run:postinstall:node_modules/rome Completed in 43ms
104 timing build:run:postinstall Completed in 44ms
105 timing build:deps Completed in 48ms
106 timing build Completed in 48ms
107 timing reify:build Completed in 48ms
108 timing reify:trash Completed in 2ms
109 timing reify Completed in 3080ms
110 silly ADD node_modules/rome
111 silly ADD
112 silly ADD
113 silly ADD node_modules/rome/node_modules/@rometools/cli-linux-x64
114 silly ADD
115 silly ADD
116 silly ADD
117 timing command:install Completed in 3087ms
118 notice
118 notice New [32mpatch[39m version of npm available! [31m9.8.0[39m -> [32m9.8.1[39m
118 notice Changelog: [36mhttps://github.com/npm/cli/releases/tag/v9.8.1[39m
118 notice Run [32mnpm install -g npm@9.8.1[39m to update!
118 notice
119 verbose exit 0
120 timing npm Completed in 3350ms
121 info ok
